error: 
    status - 500 
    message - Error: Cast to undefined failed for value undefined at path "undefined"
    at new MongooseError (E:\cfp\EmployeeWage\empwage\node_modules\mongoose\lib\error\mongooseError.js:7:1)
    at new CastError (E:\cfp\EmployeeWage\empwage\node_modules\mongoose\lib\error\cast.js:31:7)
    at model.Query.exec (E:\cfp\EmployeeWage\empwage\node_modules\mongoose\lib\query.js:4498:21)
    at model.Query.Query.then (E:\cfp\EmployeeWage\empwage\node_modules\mongoose\lib\query.js:4592:15)
    at processTicksAndRejections (internal/process/task_queues.js:95:5) 
    url - /payroll/updateEmployee 
    method - PUT 
    IP - ::ffff:127.0.0.1
   {"timestamp":"2022-01-09T14:46:06.251Z"}
error: 
    status - 500 
    message - Error: "email" must be a valid email
    at new exports.ValidationError (E:\cfp\EmployeeWage\empwage\node_modules\@hapi\joi\lib\errors.js:246:9)
    at Object.exports.process (E:\cfp\EmployeeWage\empwage\node_modules\@hapi\joi\lib\errors.js:189:29)
    at Object.internals.entry (E:\cfp\EmployeeWage\empwage\node_modules\@hapi\joi\lib\validator.js:140:26)
    at Object.exports.entry (E:\cfp\EmployeeWage\empwage\node_modules\@hapi\joi\lib\validator.js:26:30)
    at internals.Base.validate (E:\cfp\EmployeeWage\empwage\node_modules\@hapi\joi\lib\base.js:534:26)
    at registerValidator (E:\cfp\EmployeeWage\empwage\src\validators\/user.validator.js:10:45)
    at Layer.handle [as handle_request] (E:\cfp\EmployeeWage\empwage\node_modules\express\lib\router\layer.js:95:5)
    at next (E:\cfp\EmployeeWage\empwage\node_modules\express\lib\router\route.js:137:13) 
    url - /users/register 
    method - POST 
    IP - ::ffff:127.0.0.1
   {"timestamp":"2022-01-09T16:58:09.767Z"}
error: 
    status - 500 
    message - Error: "firstname" length must be at least 2 characters long
    at new exports.ValidationError (E:\cfp\EmployeeWage\empwage\node_modules\@hapi\joi\lib\errors.js:246:9)
    at Object.exports.process (E:\cfp\EmployeeWage\empwage\node_modules\@hapi\joi\lib\errors.js:189:29)
    at Object.internals.entry (E:\cfp\EmployeeWage\empwage\node_modules\@hapi\joi\lib\validator.js:140:26)
    at Object.exports.entry (E:\cfp\EmployeeWage\empwage\node_modules\@hapi\joi\lib\validator.js:26:30)
    at internals.Base.validate (E:\cfp\EmployeeWage\empwage\node_modules\@hapi\joi\lib\base.js:534:26)
    at registerValidator (E:\cfp\EmployeeWage\empwage\src\validators\/user.validator.js:10:45)
    at Layer.handle [as handle_request] (E:\cfp\EmployeeWage\empwage\node_modules\express\lib\router\layer.js:95:5)
    at next (E:\cfp\EmployeeWage\empwage\node_modules\express\lib\router\route.js:137:13) 
    url - /users/register 
    method - POST 
    IP - ::ffff:127.0.0.1
   {"timestamp":"2022-01-09T16:58:19.135Z"}
error: 
    status - 500 
    message - Error: "lastname" length must be at least 2 characters long
    at new exports.ValidationError (E:\cfp\EmployeeWage\empwage\node_modules\@hapi\joi\lib\errors.js:246:9)
    at Object.exports.process (E:\cfp\EmployeeWage\empwage\node_modules\@hapi\joi\lib\errors.js:189:29)
    at Object.internals.entry (E:\cfp\EmployeeWage\empwage\node_modules\@hapi\joi\lib\validator.js:140:26)
    at Object.exports.entry (E:\cfp\EmployeeWage\empwage\node_modules\@hapi\joi\lib\validator.js:26:30)
    at internals.Base.validate (E:\cfp\EmployeeWage\empwage\node_modules\@hapi\joi\lib\base.js:534:26)
    at registerValidator (E:\cfp\EmployeeWage\empwage\src\validators\/user.validator.js:10:45)
    at Layer.handle [as handle_request] (E:\cfp\EmployeeWage\empwage\node_modules\express\lib\router\layer.js:95:5)
    at next (E:\cfp\EmployeeWage\empwage\node_modules\express\lib\router\route.js:137:13) 
    url - /users/register 
    method - POST 
    IP - ::ffff:127.0.0.1
   {"timestamp":"2022-01-09T16:58:46.756Z"}
error: 
    status - 500 
    message - Error: "lastname" length must be at least 2 characters long
    at new exports.ValidationError (E:\cfp\EmployeeWage\empwage\node_modules\@hapi\joi\lib\errors.js:246:9)
    at Object.exports.process (E:\cfp\EmployeeWage\empwage\node_modules\@hapi\joi\lib\errors.js:189:29)
    at Object.internals.entry (E:\cfp\EmployeeWage\empwage\node_modules\@hapi\joi\lib\validator.js:140:26)
    at Object.exports.entry (E:\cfp\EmployeeWage\empwage\node_modules\@hapi\joi\lib\validator.js:26:30)
    at internals.Base.validate (E:\cfp\EmployeeWage\empwage\node_modules\@hapi\joi\lib\base.js:534:26)
    at registerValidator (E:\cfp\EmployeeWage\empwage\src\validators\/user.validator.js:10:45)
    at Layer.handle [as handle_request] (E:\cfp\EmployeeWage\empwage\node_modules\express\lib\router\layer.js:95:5)
    at next (E:\cfp\EmployeeWage\empwage\node_modules\express\lib\router\route.js:137:13) 
    url - /users/register 
    method - POST 
    IP - ::ffff:127.0.0.1
   {"timestamp":"2022-01-09T16:58:46.791Z"}
error: 
    status - 500 
    message - Error: "firstname" is not allowed to be empty
    at new exports.ValidationError (E:\cfp\EmployeeWage\empwage\node_modules\@hapi\joi\lib\errors.js:246:9)
    at Object.exports.process (E:\cfp\EmployeeWage\empwage\node_modules\@hapi\joi\lib\errors.js:189:29)
    at Object.internals.entry (E:\cfp\EmployeeWage\empwage\node_modules\@hapi\joi\lib\validator.js:140:26)
    at Object.exports.entry (E:\cfp\EmployeeWage\empwage\node_modules\@hapi\joi\lib\validator.js:26:30)
    at internals.Base.validate (E:\cfp\EmployeeWage\empwage\node_modules\@hapi\joi\lib\base.js:534:26)
    at registerValidator (E:\cfp\EmployeeWage\empwage\src\validators\/user.validator.js:10:45)
    at Layer.handle [as handle_request] (E:\cfp\EmployeeWage\empwage\node_modules\express\lib\router\layer.js:95:5)
    at next (E:\cfp\EmployeeWage\empwage\node_modules\express\lib\router\route.js:137:13) 
    url - /users/register 
    method - POST 
    IP - ::ffff:127.0.0.1
   {"timestamp":"2022-01-09T16:59:14.993Z"}
error: 
    status - 500 
    message - Error: "firstname" is not allowed to be empty
    at new exports.ValidationError (E:\cfp\EmployeeWage\empwage\node_modules\@hapi\joi\lib\errors.js:246:9)
    at Object.exports.process (E:\cfp\EmployeeWage\empwage\node_modules\@hapi\joi\lib\errors.js:189:29)
    at Object.internals.entry (E:\cfp\EmployeeWage\empwage\node_modules\@hapi\joi\lib\validator.js:140:26)
    at Object.exports.entry (E:\cfp\EmployeeWage\empwage\node_modules\@hapi\joi\lib\validator.js:26:30)
    at internals.Base.validate (E:\cfp\EmployeeWage\empwage\node_modules\@hapi\joi\lib\base.js:534:26)
    at registerValidator (E:\cfp\EmployeeWage\empwage\src\validators\/user.validator.js:10:45)
    at Layer.handle [as handle_request] (E:\cfp\EmployeeWage\empwage\node_modules\express\lib\router\layer.js:95:5)
    at next (E:\cfp\EmployeeWage\empwage\node_modules\express\lib\router\route.js:137:13) 
    url - /users/register 
    method - POST 
    IP - ::ffff:127.0.0.1
   {"timestamp":"2022-01-09T17:07:27.388Z"}
error: 
    status - 500 
    message - Error: "firstname" is not allowed to be empty
    at new exports.ValidationError (E:\cfp\EmployeeWage\empwage\node_modules\@hapi\joi\lib\errors.js:246:9)
    at Object.exports.process (E:\cfp\EmployeeWage\empwage\node_modules\@hapi\joi\lib\errors.js:189:29)
    at Object.internals.entry (E:\cfp\EmployeeWage\empwage\node_modules\@hapi\joi\lib\validator.js:140:26)
    at Object.exports.entry (E:\cfp\EmployeeWage\empwage\node_modules\@hapi\joi\lib\validator.js:26:30)
    at internals.Base.validate (E:\cfp\EmployeeWage\empwage\node_modules\@hapi\joi\lib\base.js:534:26)
    at registerValidator (E:\cfp\EmployeeWage\empwage\src\validators\/user.validator.js:10:45)
    at Layer.handle [as handle_request] (E:\cfp\EmployeeWage\empwage\node_modules\express\lib\router\layer.js:95:5)
    at next (E:\cfp\EmployeeWage\empwage\node_modules\express\lib\router\route.js:137:13) 
    url - /users/register 
    method - POST 
    IP - ::ffff:127.0.0.1
   {"timestamp":"2022-01-09T17:08:07.046Z"}
error: 
    status - 500 
    message - Error: "firstname" is not allowed to be empty
    at new exports.ValidationError (E:\cfp\EmployeeWage\empwage\node_modules\@hapi\joi\lib\errors.js:246:9)
    at Object.exports.process (E:\cfp\EmployeeWage\empwage\node_modules\@hapi\joi\lib\errors.js:189:29)
    at Object.internals.entry (E:\cfp\EmployeeWage\empwage\node_modules\@hapi\joi\lib\validator.js:140:26)
    at Object.exports.entry (E:\cfp\EmployeeWage\empwage\node_modules\@hapi\joi\lib\validator.js:26:30)
    at internals.Base.validate (E:\cfp\EmployeeWage\empwage\node_modules\@hapi\joi\lib\base.js:534:26)
    at registerValidator (E:\cfp\EmployeeWage\empwage\src\validators\/user.validator.js:10:45)
    at Layer.handle [as handle_request] (E:\cfp\EmployeeWage\empwage\node_modules\express\lib\router\layer.js:95:5)
    at next (E:\cfp\EmployeeWage\empwage\node_modules\express\lib\router\route.js:137:13) 
    url - /users/register 
    method - POST 
    IP - ::ffff:127.0.0.1
   {"timestamp":"2022-01-09T17:08:50.854Z"}
error: 
    status - 500 
    message - Error: "firstname" is not allowed to be empty
    at new exports.ValidationError (E:\cfp\EmployeeWage\empwage\node_modules\@hapi\joi\lib\errors.js:246:9)
    at Object.exports.process (E:\cfp\EmployeeWage\empwage\node_modules\@hapi\joi\lib\errors.js:189:29)
    at Object.internals.entry (E:\cfp\EmployeeWage\empwage\node_modules\@hapi\joi\lib\validator.js:140:26)
    at Object.exports.entry (E:\cfp\EmployeeWage\empwage\node_modules\@hapi\joi\lib\validator.js:26:30)
    at internals.Base.validate (E:\cfp\EmployeeWage\empwage\node_modules\@hapi\joi\lib\base.js:534:26)
    at registerValidator (E:\cfp\EmployeeWage\empwage\src\validators\/user.validator.js:10:45)
    at Layer.handle [as handle_request] (E:\cfp\EmployeeWage\empwage\node_modules\express\lib\router\layer.js:95:5)
    at next (E:\cfp\EmployeeWage\empwage\node_modules\express\lib\router\route.js:137:13) 
    url - /users/register 
    method - POST 
    IP - ::ffff:127.0.0.1
   {"timestamp":"2022-01-09T17:09:27.338Z"}
