info: Server started at http://localhost:3000 {"timestamp":"2022-01-08T18:30:04.722Z"}
info: Connected to the database. {"timestamp":"2022-01-08T18:30:05.201Z"}
info: Server started at http://localhost:3000 {"timestamp":"2022-01-08T18:30:10.195Z"}
info: Connected to the database. {"timestamp":"2022-01-08T18:30:10.642Z"}
info: Server started at http://localhost:3000 {"timestamp":"2022-01-08T18:30:46.693Z"}
info: Connected to the database. {"timestamp":"2022-01-08T18:30:47.237Z"}
info: Server started at http://localhost:3000 {"timestamp":"2022-01-08T18:30:50.055Z"}
info: Connected to the database. {"timestamp":"2022-01-08T18:30:50.479Z"}
info: Server started at http://localhost:3000 {"timestamp":"2022-01-08T18:30:59.008Z"}
info: Connected to the database. {"timestamp":"2022-01-08T18:30:59.611Z"}
info: Server started at http://localhost:3000 {"timestamp":"2022-01-08T18:31:04.664Z"}
info: Connected to the database. {"timestamp":"2022-01-08T18:31:05.448Z"}
info: Server started at http://localhost:3000 {"timestamp":"2022-01-08T18:31:09.108Z"}
info: Server started at http://localhost:3000 {"timestamp":"2022-01-08T18:31:47.354Z"}
info: Connected to the database. {"timestamp":"2022-01-08T18:31:47.871Z"}
info: Server started at http://localhost:3000 {"timestamp":"2022-01-08T18:31:51.722Z"}
info: Connected to the database. {"timestamp":"2022-01-08T18:31:52.141Z"}
info: Server started at http://localhost:3000 {"timestamp":"2022-01-08T18:32:17.503Z"}
info: Server started at http://localhost:3000 {"timestamp":"2022-01-08T18:32:20.856Z"}
info: Connected to the database. {"timestamp":"2022-01-08T18:32:22.243Z"}
info: Server started at http://localhost:3000 {"timestamp":"2022-01-08T18:32:28.058Z"}
info: Connected to the database. {"timestamp":"2022-01-08T18:32:28.484Z"}
info: Server started at http://localhost:3000 {"timestamp":"2022-01-08T18:33:26.231Z"}
info: Connected to the database. {"timestamp":"2022-01-08T18:33:26.835Z"}
info: Server started at http://localhost:3000 {"timestamp":"2022-01-08T18:33:46.939Z"}
info: Server started at http://localhost:3000 {"timestamp":"2022-01-08T18:33:49.583Z"}
info: Connected to the database. {"timestamp":"2022-01-08T18:33:50.244Z"}
info: Server started at http://localhost:3000 {"timestamp":"2022-01-08T18:34:28.736Z"}
info: Connected to the database. {"timestamp":"2022-01-08T18:34:29.338Z"}
info: Server started at http://localhost:3000 {"timestamp":"2022-01-08T18:35:16.833Z"}
info: Connected to the database. {"timestamp":"2022-01-08T18:35:17.315Z"}
info: Server started at http://localhost:3000 {"timestamp":"2022-01-08T18:35:30.913Z"}
info: Connected to the database. {"timestamp":"2022-01-08T18:35:31.387Z"}
info: Server started at http://localhost:3000 {"timestamp":"2022-01-08T18:35:34.835Z"}
info: Connected to the database. {"timestamp":"2022-01-08T18:35:35.230Z"}
info: Server started at http://localhost:3000 {"timestamp":"2022-01-08T18:35:39.829Z"}
info: Connected to the database. {"timestamp":"2022-01-08T18:35:40.271Z"}
info: Server started at http://localhost:3000 {"timestamp":"2022-01-08T18:36:15.982Z"}
info: Connected to the database. {"timestamp":"2022-01-08T18:36:16.450Z"}
info: Server started at http://localhost:3000 {"timestamp":"2022-01-08T18:36:25.186Z"}
info: Server started at http://localhost:3000 {"timestamp":"2022-01-08T18:36:27.375Z"}
info: Connected to the database. {"timestamp":"2022-01-08T18:36:27.775Z"}
info: Server started at http://localhost:3000 {"timestamp":"2022-01-08T18:36:31.028Z"}
info: Server started at http://localhost:3000 {"timestamp":"2022-01-08T18:36:33.375Z"}
info: Connected to the database. {"timestamp":"2022-01-08T18:36:33.864Z"}
info: Server started at http://localhost:3000 {"timestamp":"2022-01-08T18:36:49.997Z"}
info: Connected to the database. {"timestamp":"2022-01-08T18:36:50.483Z"}
info: Server started at http://localhost:3000 {"timestamp":"2022-01-08T18:37:01.470Z"}
info: Connected to the database. {"timestamp":"2022-01-08T18:37:01.910Z"}
info: Server started at http://localhost:3000 {"timestamp":"2022-01-08T18:37:37.607Z"}
info: Connected to the database. {"timestamp":"2022-01-08T18:37:38.272Z"}
info: Server started at http://localhost:3000 {"timestamp":"2022-01-08T18:39:32.587Z"}
info: Connected to the database. {"timestamp":"2022-01-08T18:39:33.106Z"}
info: Server started at http://localhost:3000 {"timestamp":"2022-01-08T18:39:35.447Z"}
info: Connected to the database. {"timestamp":"2022-01-08T18:39:35.877Z"}
info: Server started at http://localhost:3000 {"timestamp":"2022-01-08T18:39:51.153Z"}
info: Connected to the database. {"timestamp":"2022-01-08T18:39:51.588Z"}
info: Server started at http://localhost:3000 {"timestamp":"2022-01-08T18:40:26.958Z"}
info: Connected to the database. {"timestamp":"2022-01-08T18:40:27.463Z"}
info: Server started at http://localhost:3000 {"timestamp":"2022-01-08T18:40:36.495Z"}
info: Connected to the database. {"timestamp":"2022-01-08T18:40:37.114Z"}
info: Server started at http://localhost:3000 {"timestamp":"2022-01-08T18:41:26.426Z"}
info: Connected to the database. {"timestamp":"2022-01-08T18:41:26.835Z"}
info: Server started at http://localhost:3000 {"timestamp":"2022-01-08T18:41:29.029Z"}
info: Connected to the database. {"timestamp":"2022-01-08T18:41:29.532Z"}
info: Server started at http://localhost:3000 {"timestamp":"2022-01-08T18:43:19.650Z"}
info: Connected to the database. {"timestamp":"2022-01-08T18:43:20.169Z"}
info: Server started at http://localhost:3000 {"timestamp":"2022-01-09T04:24:43.552Z"}
info: Connected to the database. {"timestamp":"2022-01-09T04:24:44.605Z"}
info: Server started at http://localhost:3000 {"timestamp":"2022-01-09T04:28:24.666Z"}
info: Connected to the database. {"timestamp":"2022-01-09T04:28:25.446Z"}
info: Server started at http://localhost:3000 {"timestamp":"2022-01-09T04:28:38.894Z"}
info: Connected to the database. {"timestamp":"2022-01-09T04:28:39.422Z"}
info: Server started at http://localhost:3000 {"timestamp":"2022-01-09T04:30:32.220Z"}
info: Connected to the database. {"timestamp":"2022-01-09T04:30:32.931Z"}
info: Server started at http://localhost:3000 {"timestamp":"2022-01-09T04:30:40.356Z"}
info: Connected to the database. {"timestamp":"2022-01-09T04:30:40.880Z"}
info: Server started at http://localhost:3000 {"timestamp":"2022-01-09T04:30:47.137Z"}
info: Connected to the database. {"timestamp":"2022-01-09T04:30:47.670Z"}
info: Server started at http://localhost:3000 {"timestamp":"2022-01-09T04:31:48.354Z"}
info: Connected to the database. {"timestamp":"2022-01-09T04:31:49.049Z"}
info: Server started at http://localhost:3000 {"timestamp":"2022-01-09T04:34:39.878Z"}
info: Connected to the database. {"timestamp":"2022-01-09T04:34:40.624Z"}
info: Server started at http://localhost:3000 {"timestamp":"2022-01-09T04:35:53.508Z"}
info: Connected to the database. {"timestamp":"2022-01-09T04:35:54.294Z"}
info: Server started at http://localhost:3000 {"timestamp":"2022-01-09T04:39:23.290Z"}
info: Connected to the database. {"timestamp":"2022-01-09T04:39:24.042Z"}
info: Server started at http://localhost:3000 {"timestamp":"2022-01-09T04:40:25.715Z"}
info: Connected to the database. {"timestamp":"2022-01-09T04:40:26.477Z"}
info: Server started at http://localhost:3000 {"timestamp":"2022-01-09T04:40:56.837Z"}
info: Connected to the database. {"timestamp":"2022-01-09T04:40:57.367Z"}
info: Server started at http://localhost:3000 {"timestamp":"2022-01-09T04:41:04.842Z"}
info: Connected to the database. {"timestamp":"2022-01-09T04:41:05.368Z"}
info: Server started at http://localhost:3000 {"timestamp":"2022-01-09T04:41:45.796Z"}
info: Connected to the database. {"timestamp":"2022-01-09T04:41:46.558Z"}
info: Server started at http://localhost:3000 {"timestamp":"2022-01-09T04:41:48.853Z"}
info: Connected to the database. {"timestamp":"2022-01-09T04:41:49.388Z"}
info: Server started at http://localhost:3000 {"timestamp":"2022-01-09T04:42:01.005Z"}
info: Connected to the database. {"timestamp":"2022-01-09T04:42:01.558Z"}
info: Server started at http://localhost:3000 {"timestamp":"2022-01-09T04:42:27.175Z"}
info: Connected to the database. {"timestamp":"2022-01-09T04:42:27.820Z"}
info: Server started at http://localhost:3000 {"timestamp":"2022-01-09T04:43:12.012Z"}
info: Connected to the database. {"timestamp":"2022-01-09T04:43:12.700Z"}
info: Server started at http://localhost:3000 {"timestamp":"2022-01-09T04:43:33.744Z"}
info: Connected to the database. {"timestamp":"2022-01-09T04:43:34.389Z"}
info: Server started at http://localhost:3000 {"timestamp":"2022-01-09T04:43:41.790Z"}
info: Connected to the database. {"timestamp":"2022-01-09T04:43:42.318Z"}
info: Server started at http://localhost:3000 {"timestamp":"2022-01-09T04:44:11.659Z"}
info: Connected to the database. {"timestamp":"2022-01-09T04:44:12.199Z"}
info: Server started at http://localhost:3000 {"timestamp":"2022-01-09T04:44:21.017Z"}
info: Connected to the database. {"timestamp":"2022-01-09T04:44:21.604Z"}
info: Server started at http://localhost:3000 {"timestamp":"2022-01-09T04:45:55.188Z"}
info: Connected to the database. {"timestamp":"2022-01-09T04:45:55.895Z"}
info: Server started at http://localhost:3000 {"timestamp":"2022-01-09T04:46:09.198Z"}
info: Server started at http://localhost:3000 {"timestamp":"2022-01-09T04:46:11.813Z"}
info: Connected to the database. {"timestamp":"2022-01-09T04:46:12.369Z"}
info: Server started at http://localhost:3000 {"timestamp":"2022-01-09T04:46:27.497Z"}
info: Connected to the database. {"timestamp":"2022-01-09T04:46:28.525Z"}
info: Server started at http://localhost:3000 {"timestamp":"2022-01-09T04:48:03.181Z"}
info: Server started at http://localhost:3000 {"timestamp":"2022-01-09T04:48:07.725Z"}
info: Connected to the database. {"timestamp":"2022-01-09T04:48:08.144Z"}
info: Server started at http://localhost:3000 {"timestamp":"2022-01-09T04:48:34.006Z"}
info: Connected to the database. {"timestamp":"2022-01-09T04:48:34.429Z"}
info: Server started at http://localhost:3000 {"timestamp":"2022-01-09T04:48:44.634Z"}
info: Connected to the database. {"timestamp":"2022-01-09T04:48:45.061Z"}
info: Server started at http://localhost:3000 {"timestamp":"2022-01-09T04:48:50.108Z"}
info: Connected to the database. {"timestamp":"2022-01-09T04:48:50.506Z"}
info: Server started at http://localhost:3000 {"timestamp":"2022-01-09T04:48:53.728Z"}
info: Connected to the database. {"timestamp":"2022-01-09T04:48:54.128Z"}
info: Server started at http://localhost:3000 {"timestamp":"2022-01-09T04:48:57.883Z"}
info: Connected to the database. {"timestamp":"2022-01-09T04:48:58.667Z"}
info: Server started at http://localhost:3000 {"timestamp":"2022-01-09T04:49:01.283Z"}
info: Connected to the database. {"timestamp":"2022-01-09T04:49:02.139Z"}
info: Server started at http://localhost:3000 {"timestamp":"2022-01-09T04:49:45.108Z"}
info: Connected to the database. {"timestamp":"2022-01-09T04:49:45.567Z"}
info: Server started at http://localhost:3000 {"timestamp":"2022-01-09T04:49:52.350Z"}
info: Connected to the database. {"timestamp":"2022-01-09T04:49:52.763Z"}
info: Server started at http://localhost:3000 {"timestamp":"2022-01-09T04:49:57.636Z"}
info: Connected to the database. {"timestamp":"2022-01-09T04:49:58.065Z"}
info: Server started at http://localhost:3000 {"timestamp":"2022-01-09T04:55:19.377Z"}
info: Connected to the database. {"timestamp":"2022-01-09T04:55:20.375Z"}
info: Server started at http://localhost:3000 {"timestamp":"2022-01-09T04:55:54.760Z"}
info: Connected to the database. {"timestamp":"2022-01-09T04:55:55.283Z"}
info: Server started at http://localhost:3000 {"timestamp":"2022-01-09T05:22:52.011Z"}
info: Connected to the database. {"timestamp":"2022-01-09T05:22:52.769Z"}
info: Server started at http://localhost:3000 {"timestamp":"2022-01-09T05:25:14.669Z"}
info: Connected to the database. {"timestamp":"2022-01-09T05:25:15.801Z"}
info: Server started at http://localhost:3000 {"timestamp":"2022-01-09T05:25:18.532Z"}
info: Connected to the database. {"timestamp":"2022-01-09T05:25:19.354Z"}
info: Server started at http://localhost:3000 {"timestamp":"2022-01-09T05:36:54.269Z"}
info: Connected to the database. {"timestamp":"2022-01-09T05:36:54.953Z"}
info: Server started at http://localhost:3000 {"timestamp":"2022-01-09T05:36:58.379Z"}
info: Connected to the database. {"timestamp":"2022-01-09T05:36:58.902Z"}
info: Server started at http://localhost:3000 {"timestamp":"2022-01-09T05:41:46.487Z"}
info: Connected to the database. {"timestamp":"2022-01-09T05:41:47.083Z"}
info: Server started at http://localhost:3000 {"timestamp":"2022-01-09T05:41:50.792Z"}
info: Connected to the database. {"timestamp":"2022-01-09T05:41:51.205Z"}
info: Server started at http://localhost:3000 {"timestamp":"2022-01-09T05:42:41.563Z"}
info: Connected to the database. {"timestamp":"2022-01-09T05:42:41.991Z"}
info: Server started at http://localhost:3000 {"timestamp":"2022-01-09T05:44:57.098Z"}
info: Connected to the database. {"timestamp":"2022-01-09T05:44:58.015Z"}
info: Server started at http://localhost:3000 {"timestamp":"2022-01-09T05:46:06.900Z"}
info: Connected to the database. {"timestamp":"2022-01-09T05:46:07.525Z"}
info: Server started at http://localhost:3000 {"timestamp":"2022-01-09T05:48:28.941Z"}
info: Connected to the database. {"timestamp":"2022-01-09T05:48:29.474Z"}
info: Server started at http://localhost:3000 {"timestamp":"2022-01-09T05:48:33.465Z"}
info: Connected to the database. {"timestamp":"2022-01-09T05:48:33.890Z"}
info: Server started at http://localhost:3000 {"timestamp":"2022-01-09T05:51:03.202Z"}
info: Connected to the database. {"timestamp":"2022-01-09T05:51:03.721Z"}
info: Server started at http://localhost:3000 {"timestamp":"2022-01-09T05:51:07.388Z"}
info: Connected to the database. {"timestamp":"2022-01-09T05:51:07.808Z"}
info: Server started at http://localhost:3000 {"timestamp":"2022-01-09T05:52:54.019Z"}
info: Connected to the database. {"timestamp":"2022-01-09T05:52:54.543Z"}
info: Server started at http://localhost:3000 {"timestamp":"2022-01-09T05:53:08.028Z"}
info: Connected to the database. {"timestamp":"2022-01-09T05:53:08.426Z"}
info: Server started at http://localhost:3000 {"timestamp":"2022-01-09T05:54:07.519Z"}
info: Connected to the database. {"timestamp":"2022-01-09T05:54:08.057Z"}
info: Server started at http://localhost:3000 {"timestamp":"2022-01-09T05:54:13.037Z"}
info: Connected to the database. {"timestamp":"2022-01-09T05:54:13.440Z"}
info: Server started at http://localhost:3000 {"timestamp":"2022-01-09T05:54:17.681Z"}
info: Connected to the database. {"timestamp":"2022-01-09T05:54:18.081Z"}
info: Server started at http://localhost:3000 {"timestamp":"2022-01-09T05:54:27.045Z"}
info: Connected to the database. {"timestamp":"2022-01-09T05:54:27.456Z"}
info: Server started at http://localhost:3000 {"timestamp":"2022-01-09T05:58:31.896Z"}
info: Connected to the database. {"timestamp":"2022-01-09T05:58:32.555Z"}
info: Server started at http://localhost:3000 {"timestamp":"2022-01-09T05:59:36.759Z"}
info: Connected to the database. {"timestamp":"2022-01-09T05:59:37.362Z"}
info: Server started at http://localhost:3000 {"timestamp":"2022-01-09T06:03:06.530Z"}
info: Server started at http://localhost:3000 {"timestamp":"2022-01-09T06:03:08.983Z"}
info: Connected to the database. {"timestamp":"2022-01-09T06:03:09.428Z"}
info: Server started at http://localhost:3000 {"timestamp":"2022-01-09T06:03:35.035Z"}
info: Connected to the database. {"timestamp":"2022-01-09T06:03:35.483Z"}
info: Server started at http://localhost:3000 {"timestamp":"2022-01-09T06:04:01.722Z"}
info: Connected to the database. {"timestamp":"2022-01-09T06:04:02.147Z"}
info: Server started at http://localhost:3000 {"timestamp":"2022-01-09T06:12:54.263Z"}
info: Connected to the database. {"timestamp":"2022-01-09T06:12:54.807Z"}
info: Server started at http://localhost:3000 {"timestamp":"2022-01-09T06:12:58.411Z"}
info: Connected to the database. {"timestamp":"2022-01-09T06:12:59.338Z"}
info: Server started at http://localhost:3000 {"timestamp":"2022-01-09T06:13:24.761Z"}
info: Connected to the database. {"timestamp":"2022-01-09T06:13:25.165Z"}
info: Server started at http://localhost:3000 {"timestamp":"2022-01-09T06:13:29.507Z"}
info: Connected to the database. {"timestamp":"2022-01-09T06:13:30.175Z"}
info: Server started at http://localhost:3000 {"timestamp":"2022-01-09T06:13:54.744Z"}
info: Server started at http://localhost:3000 {"timestamp":"2022-01-09T06:14:03.855Z"}
info: Connected to the database. {"timestamp":"2022-01-09T06:14:04.256Z"}
info: Server started at http://localhost:3000 {"timestamp":"2022-01-09T06:14:06.935Z"}
info: Connected to the database. {"timestamp":"2022-01-09T06:14:07.356Z"}
info: Server started at http://localhost:3000 {"timestamp":"2022-01-09T06:14:26.933Z"}
info: Connected to the database. {"timestamp":"2022-01-09T06:14:27.340Z"}
info: Server started at http://localhost:3000 {"timestamp":"2022-01-09T06:14:37.555Z"}
info: Server started at http://localhost:3000 {"timestamp":"2022-01-09T06:14:41.249Z"}
info: Connected to the database. {"timestamp":"2022-01-09T06:14:41.733Z"}
info: Server started at http://localhost:3000 {"timestamp":"2022-01-09T06:14:46.666Z"}
info: Connected to the database. {"timestamp":"2022-01-09T06:14:47.117Z"}
info: Server started at http://localhost:3000 {"timestamp":"2022-01-09T06:14:49.990Z"}
info: Connected to the database. {"timestamp":"2022-01-09T06:14:50.398Z"}
info: Server started at http://localhost:3000 {"timestamp":"2022-01-09T06:15:13.055Z"}
info: Connected to the database. {"timestamp":"2022-01-09T06:15:13.542Z"}
info: Server started at http://localhost:3000 {"timestamp":"2022-01-09T06:15:28.712Z"}
info: Connected to the database. {"timestamp":"2022-01-09T06:15:29.144Z"}
info: Server started at http://localhost:3000 {"timestamp":"2022-01-09T06:21:07.609Z"}
info: Connected to the database. {"timestamp":"2022-01-09T06:21:08.185Z"}
info: Server started at http://localhost:3000 {"timestamp":"2022-01-09T06:21:16.747Z"}
info: Connected to the database. {"timestamp":"2022-01-09T06:21:17.320Z"}
info: Server started at http://localhost:3000 {"timestamp":"2022-01-09T06:23:12.586Z"}
info: Connected to the database. {"timestamp":"2022-01-09T06:23:13.131Z"}
info: Server started at http://localhost:3000 {"timestamp":"2022-01-09T06:24:31.721Z"}
info: Connected to the database. {"timestamp":"2022-01-09T06:24:32.242Z"}
info: Server started at http://localhost:3000 {"timestamp":"2022-01-09T06:24:38.421Z"}
info: Connected to the database. {"timestamp":"2022-01-09T06:24:38.880Z"}
info: Server started at http://localhost:3000 {"timestamp":"2022-01-09T06:25:44.411Z"}
info: Connected to the database. {"timestamp":"2022-01-09T06:25:44.953Z"}
info: Server started at http://localhost:3000 {"timestamp":"2022-01-09T06:27:11.629Z"}
info: Connected to the database. {"timestamp":"2022-01-09T06:27:12.221Z"}
info: Server started at http://localhost:3000 {"timestamp":"2022-01-09T06:27:20.638Z"}
info: Connected to the database. {"timestamp":"2022-01-09T06:27:21.056Z"}
info: Server started at http://localhost:3000 {"timestamp":"2022-01-09T06:28:40.184Z"}
info: Connected to the database. {"timestamp":"2022-01-09T06:28:40.715Z"}
info: Server started at http://localhost:3000 {"timestamp":"2022-01-09T06:28:52.196Z"}
info: Connected to the database. {"timestamp":"2022-01-09T06:28:53.018Z"}
info: Server started at http://localhost:3000 {"timestamp":"2022-01-09T06:28:59.088Z"}
info: Connected to the database. {"timestamp":"2022-01-09T06:28:59.519Z"}
info: Server started at http://localhost:3000 {"timestamp":"2022-01-09T06:29:03.465Z"}
info: Connected to the database. {"timestamp":"2022-01-09T06:29:03.874Z"}
info: Server started at http://localhost:3000 {"timestamp":"2022-01-09T06:29:14.546Z"}
info: Connected to the database. {"timestamp":"2022-01-09T06:29:14.959Z"}
info: Server started at http://localhost:3000 {"timestamp":"2022-01-09T06:29:20.004Z"}
info: Connected to the database. {"timestamp":"2022-01-09T06:29:20.417Z"}
info: Server started at http://localhost:3000 {"timestamp":"2022-01-09T06:29:28.616Z"}
info: Connected to the database. {"timestamp":"2022-01-09T06:29:29.028Z"}
info: Server started at http://localhost:3000 {"timestamp":"2022-01-09T06:29:44.933Z"}
info: Connected to the database. {"timestamp":"2022-01-09T06:29:45.513Z"}
info: Server started at http://localhost:3000 {"timestamp":"2022-01-09T06:31:04.344Z"}
info: Connected to the database. {"timestamp":"2022-01-09T06:31:04.972Z"}
info: Server started at http://localhost:3000 {"timestamp":"2022-01-09T06:31:54.499Z"}
info: Connected to the database. {"timestamp":"2022-01-09T06:31:54.919Z"}
info: Server started at http://localhost:3000 {"timestamp":"2022-01-09T06:35:59.794Z"}
info: Server started at http://localhost:3000 {"timestamp":"2022-01-09T06:36:02.364Z"}
info: Connected to the database. {"timestamp":"2022-01-09T06:36:02.799Z"}
info: Server started at http://localhost:3000 {"timestamp":"2022-01-09T06:36:38.609Z"}
info: Connected to the database. {"timestamp":"2022-01-09T06:36:39.035Z"}
info: Server started at http://localhost:3000 {"timestamp":"2022-01-09T06:37:04.508Z"}
info: Server started at http://localhost:3000 {"timestamp":"2022-01-09T06:37:06.932Z"}
info: Connected to the database. {"timestamp":"2022-01-09T06:37:07.392Z"}
info: Server started at http://localhost:3000 {"timestamp":"2022-01-09T06:38:35.049Z"}
info: Connected to the database. {"timestamp":"2022-01-09T06:38:35.655Z"}
info: Server started at http://localhost:3000 {"timestamp":"2022-01-09T06:38:58.065Z"}
info: Connected to the database. {"timestamp":"2022-01-09T06:38:58.545Z"}
info: Server started at http://localhost:3000 {"timestamp":"2022-01-09T06:40:05.617Z"}
info: Connected to the database. {"timestamp":"2022-01-09T06:40:06.203Z"}
info: Server started at http://localhost:3000 {"timestamp":"2022-01-09T06:40:28.254Z"}
info: Connected to the database. {"timestamp":"2022-01-09T06:40:28.676Z"}
info: Server started at http://localhost:3000 {"timestamp":"2022-01-09T06:40:49.768Z"}
info: Connected to the database. {"timestamp":"2022-01-09T06:40:50.284Z"}
info: Server started at http://localhost:3000 {"timestamp":"2022-01-09T06:41:38.626Z"}
info: Connected to the database. {"timestamp":"2022-01-09T06:41:39.264Z"}
info: Server started at http://localhost:3000 {"timestamp":"2022-01-09T06:41:48.801Z"}
info: Connected to the database. {"timestamp":"2022-01-09T06:41:49.691Z"}
info: Server started at http://localhost:3000 {"timestamp":"2022-01-09T06:42:12.543Z"}
info: Connected to the database. {"timestamp":"2022-01-09T06:42:13.034Z"}
info: Server started at http://localhost:3000 {"timestamp":"2022-01-09T06:43:54.940Z"}
info: Connected to the database. {"timestamp":"2022-01-09T06:43:55.534Z"}
info: Server started at http://localhost:3000 {"timestamp":"2022-01-09T06:44:19.677Z"}
info: Connected to the database. {"timestamp":"2022-01-09T06:44:20.091Z"}
info: Server started at http://localhost:3000 {"timestamp":"2022-01-09T06:44:27.642Z"}
info: Server started at http://localhost:3000 {"timestamp":"2022-01-09T06:44:42.944Z"}
info: Server started at http://localhost:3000 {"timestamp":"2022-01-09T06:44:48.697Z"}
info: Connected to the database. {"timestamp":"2022-01-09T06:44:49.119Z"}
info: Server started at http://localhost:3000 {"timestamp":"2022-01-09T06:44:56.107Z"}
info: Connected to the database. {"timestamp":"2022-01-09T06:44:56.646Z"}
info: Server started at http://localhost:3000 {"timestamp":"2022-01-09T06:45:17.629Z"}
info: Connected to the database. {"timestamp":"2022-01-09T06:45:18.130Z"}
info: Server started at http://localhost:3000 {"timestamp":"2022-01-09T06:45:41.195Z"}
info: Server started at http://localhost:3000 {"timestamp":"2022-01-09T06:45:44.744Z"}
info: Connected to the database. {"timestamp":"2022-01-09T06:45:45.200Z"}
info: Server started at http://localhost:3000 {"timestamp":"2022-01-09T06:46:01.093Z"}
info: Connected to the database. {"timestamp":"2022-01-09T06:46:01.654Z"}
info: Server started at http://localhost:3000 {"timestamp":"2022-01-09T06:46:05.517Z"}
info: Connected to the database. {"timestamp":"2022-01-09T06:46:05.936Z"}
info: Server started at http://localhost:3000 {"timestamp":"2022-01-09T06:46:11.524Z"}
info: Connected to the database. {"timestamp":"2022-01-09T06:46:11.979Z"}
info: Server started at http://localhost:3000 {"timestamp":"2022-01-09T06:46:34.246Z"}
info: Connected to the database. {"timestamp":"2022-01-09T06:46:34.674Z"}
info: Server started at http://localhost:3000 {"timestamp":"2022-01-09T06:46:47.819Z"}
info: Connected to the database. {"timestamp":"2022-01-09T06:46:48.257Z"}
info: Server started at http://localhost:3000 {"timestamp":"2022-01-09T06:47:09.709Z"}
info: Connected to the database. {"timestamp":"2022-01-09T06:47:10.242Z"}
info: Server started at http://localhost:3000 {"timestamp":"2022-01-09T06:47:30.640Z"}
info: Connected to the database. {"timestamp":"2022-01-09T06:47:31.059Z"}
info: Server started at http://localhost:3000 {"timestamp":"2022-01-09T06:47:44.552Z"}
info: Connected to the database. {"timestamp":"2022-01-09T06:47:45.107Z"}
info: Server started at http://localhost:3000 {"timestamp":"2022-01-09T06:48:03.507Z"}
info: Connected to the database. {"timestamp":"2022-01-09T06:48:04.385Z"}
info: Server started at http://localhost:3000 {"timestamp":"2022-01-09T06:48:15.240Z"}
info: Connected to the database. {"timestamp":"2022-01-09T06:48:16.331Z"}
info: Server started at http://localhost:3000 {"timestamp":"2022-01-09T06:48:20.126Z"}
info: Connected to the database. {"timestamp":"2022-01-09T06:48:20.539Z"}
info: Server started at http://localhost:3000 {"timestamp":"2022-01-09T06:48:29.639Z"}
info: Connected to the database. {"timestamp":"2022-01-09T06:48:30.064Z"}
info: Server started at http://localhost:3000 {"timestamp":"2022-01-09T06:48:40.806Z"}
info: Connected to the database. {"timestamp":"2022-01-09T06:48:41.269Z"}
info: Server started at http://localhost:3000 {"timestamp":"2022-01-09T06:48:54.904Z"}
info: Connected to the database. {"timestamp":"2022-01-09T06:48:55.405Z"}
info: Server started at http://localhost:3000 {"timestamp":"2022-01-09T06:49:53.990Z"}
info: Connected to the database. {"timestamp":"2022-01-09T06:49:54.606Z"}
info: Server started at http://localhost:3000 {"timestamp":"2022-01-09T06:57:06.111Z"}
info: Connected to the database. {"timestamp":"2022-01-09T06:57:07.130Z"}
info: Server started at http://localhost:3000 {"timestamp":"2022-01-09T07:09:43.231Z"}
info: Connected to the database. {"timestamp":"2022-01-09T07:09:43.885Z"}
info: Server started at http://localhost:3000 {"timestamp":"2022-01-09T07:25:12.746Z"}
info: Connected to the database. {"timestamp":"2022-01-09T07:25:13.341Z"}
info: Server started at http://localhost:3000 {"timestamp":"2022-01-09T07:26:18.332Z"}
info: Connected to the database. {"timestamp":"2022-01-09T07:26:18.961Z"}
info: Server started at http://localhost:3000 {"timestamp":"2022-01-09T07:28:42.111Z"}
info: Connected to the database. {"timestamp":"2022-01-09T07:28:42.644Z"}
info: Server started at http://localhost:3000 {"timestamp":"2022-01-09T07:28:46.202Z"}
info: Connected to the database. {"timestamp":"2022-01-09T07:28:46.676Z"}
info: Server started at http://localhost:3000 {"timestamp":"2022-01-09T08:25:41.612Z"}
info: Connected to the database. {"timestamp":"2022-01-09T08:25:42.819Z"}
info: Server started at http://localhost:3000 {"timestamp":"2022-01-09T08:27:46.995Z"}
info: Connected to the database. {"timestamp":"2022-01-09T08:27:47.608Z"}
info: Server started at http://localhost:3000 {"timestamp":"2022-01-09T08:30:05.434Z"}
info: Connected to the database. {"timestamp":"2022-01-09T08:30:06.033Z"}
info: Server started at http://localhost:3000 {"timestamp":"2022-01-09T08:30:13.035Z"}
info: Connected to the database. {"timestamp":"2022-01-09T08:30:13.473Z"}
info: Server started at http://localhost:3000 {"timestamp":"2022-01-09T08:30:18.589Z"}
info: Connected to the database. {"timestamp":"2022-01-09T08:30:19.060Z"}
info: Server started at http://localhost:3000 {"timestamp":"2022-01-09T08:31:13.907Z"}
info: Connected to the database. {"timestamp":"2022-01-09T08:31:14.491Z"}
info: Server started at http://localhost:3000 {"timestamp":"2022-01-09T08:31:20.072Z"}
info: Connected to the database. {"timestamp":"2022-01-09T08:31:20.575Z"}
info: Server started at http://localhost:3000 {"timestamp":"2022-01-09T08:31:28.095Z"}
info: Connected to the database. {"timestamp":"2022-01-09T08:31:28.590Z"}
info: Server started at http://localhost:3000 {"timestamp":"2022-01-09T08:31:33.230Z"}
info: Connected to the database. {"timestamp":"2022-01-09T08:31:33.689Z"}
info: Server started at http://localhost:3000 {"timestamp":"2022-01-09T08:51:33.378Z"}
info: Connected to the database. {"timestamp":"2022-01-09T08:51:34.011Z"}
info: Server started at http://localhost:3000 {"timestamp":"2022-01-09T08:52:38.618Z"}
info: Connected to the database. {"timestamp":"2022-01-09T08:52:39.337Z"}
info: Server started at http://localhost:3000 {"timestamp":"2022-01-09T08:52:42.048Z"}
info: Connected to the database. {"timestamp":"2022-01-09T08:52:42.483Z"}
info: Server started at http://localhost:3000 {"timestamp":"2022-01-09T09:00:42.400Z"}
info: Connected to the database. {"timestamp":"2022-01-09T09:00:43.072Z"}
info: Server started at http://localhost:3000 {"timestamp":"2022-01-09T09:19:21.319Z"}
info: Connected to the database. {"timestamp":"2022-01-09T09:19:21.958Z"}
info: Server started at http://localhost:3000 {"timestamp":"2022-01-09T14:03:24.312Z"}
info: Connected to the database. {"timestamp":"2022-01-09T14:03:24.933Z"}
info: Server started at http://localhost:3000 {"timestamp":"2022-01-09T14:05:31.323Z"}
info: Connected to the database. {"timestamp":"2022-01-09T14:05:32.093Z"}
info: Server started at http://localhost:3000 {"timestamp":"2022-01-09T14:06:40.394Z"}
info: Connected to the database. {"timestamp":"2022-01-09T14:06:41.256Z"}
info: Server started at http://localhost:3000 {"timestamp":"2022-01-09T14:08:22.830Z"}
info: Connected to the database. {"timestamp":"2022-01-09T14:08:28.862Z"}
info: Server started at http://localhost:3000 {"timestamp":"2022-01-09T14:08:45.001Z"}
info: Server started at http://localhost:3000 {"timestamp":"2022-01-09T14:08:48.168Z"}
info: Connected to the database. {"timestamp":"2022-01-09T14:08:48.836Z"}
info: Server started at http://localhost:3000 {"timestamp":"2022-01-09T14:08:52.735Z"}
info: Connected to the database. {"timestamp":"2022-01-09T14:08:54.335Z"}
info: Server started at http://localhost:3000 {"timestamp":"2022-01-09T14:09:41.693Z"}
info: Connected to the database. {"timestamp":"2022-01-09T14:09:42.431Z"}
info: Server started at http://localhost:3000 {"timestamp":"2022-01-09T14:13:04.391Z"}
info: Connected to the database. {"timestamp":"2022-01-09T14:13:05.200Z"}
info: Server started at http://localhost:3000 {"timestamp":"2022-01-09T14:14:30.681Z"}
info: Connected to the database. {"timestamp":"2022-01-09T14:14:31.438Z"}
info: Server started at http://localhost:3000 {"timestamp":"2022-01-09T14:14:45.495Z"}
info: Connected to the database. {"timestamp":"2022-01-09T14:14:47.814Z"}
info: Server started at http://localhost:3000 {"timestamp":"2022-01-09T14:14:50.745Z"}
info: Connected to the database. {"timestamp":"2022-01-09T14:14:51.305Z"}
info: Server started at http://localhost:3000 {"timestamp":"2022-01-09T14:14:58.692Z"}
info: Connected to the database. {"timestamp":"2022-01-09T14:14:59.276Z"}
info: Server started at http://localhost:3000 {"timestamp":"2022-01-09T14:26:56.145Z"}
info: Connected to the database. {"timestamp":"2022-01-09T14:26:57.144Z"}
info: Server started at http://localhost:3000 {"timestamp":"2022-01-09T14:27:00.556Z"}
info: Connected to the database. {"timestamp":"2022-01-09T14:27:01.252Z"}
info: Server started at http://localhost:3000 {"timestamp":"2022-01-09T14:35:27.063Z"}
info: Connected to the database. {"timestamp":"2022-01-09T14:35:27.950Z"}
info: Server started at http://localhost:3000 {"timestamp":"2022-01-09T14:36:55.493Z"}
info: Connected to the database. {"timestamp":"2022-01-09T14:36:56.452Z"}
info: Server started at http://localhost:3000 {"timestamp":"2022-01-09T14:38:06.743Z"}
info: Connected to the database. {"timestamp":"2022-01-09T14:38:07.698Z"}
info: Server started at http://localhost:3000 {"timestamp":"2022-01-09T14:41:58.034Z"}
info: Connected to the database. {"timestamp":"2022-01-09T14:41:58.641Z"}
info: Server started at http://localhost:3000 {"timestamp":"2022-01-09T14:42:46.172Z"}
info: Connected to the database. {"timestamp":"2022-01-09T14:42:46.711Z"}
info: Server started at http://localhost:3000 {"timestamp":"2022-01-09T14:43:49.213Z"}
info: Connected to the database. {"timestamp":"2022-01-09T14:43:49.736Z"}
info: Server started at http://localhost:3000 {"timestamp":"2022-01-09T14:44:01.163Z"}
info: Connected to the database. {"timestamp":"2022-01-09T14:44:01.487Z"}
info: Server started at http://localhost:3000 {"timestamp":"2022-01-09T14:44:39.502Z"}
info: Connected to the database. {"timestamp":"2022-01-09T14:44:39.938Z"}
info: Server started at http://localhost:3000 {"timestamp":"2022-01-09T14:45:52.597Z"}
info: Connected to the database. {"timestamp":"2022-01-09T14:45:53.144Z"}
info: Server started at http://localhost:3000 {"timestamp":"2022-01-09T14:46:04.881Z"}
info: Connected to the database. {"timestamp":"2022-01-09T14:46:05.397Z"}
error: 
    status - 500 
    message - Error: Cast to undefined failed for value undefined at path "undefined"
    at new MongooseError (E:\cfp\EmployeeWage\empwage\node_modules\mongoose\lib\error\mongooseError.js:7:1)
    at new CastError (E:\cfp\EmployeeWage\empwage\node_modules\mongoose\lib\error\cast.js:31:7)
    at model.Query.exec (E:\cfp\EmployeeWage\empwage\node_modules\mongoose\lib\query.js:4498:21)
    at model.Query.Query.then (E:\cfp\EmployeeWage\empwage\node_modules\mongoose\lib\query.js:4592:15)
    at processTicksAndRejections (internal/process/task_queues.js:95:5) 
    url - /payroll/updateEmployee 
    method - PUT 
    IP - ::ffff:127.0.0.1
   {"timestamp":"2022-01-09T14:46:06.251Z"}
info: Server started at http://localhost:3000 {"timestamp":"2022-01-09T14:49:31.665Z"}
info: Connected to the database. {"timestamp":"2022-01-09T14:49:32.327Z"}
info: Server started at http://localhost:3000 {"timestamp":"2022-01-09T14:58:31.184Z"}
info: Server started at http://localhost:3000 {"timestamp":"2022-01-09T14:58:33.876Z"}
info: Server started at http://localhost:3000 {"timestamp":"2022-01-09T14:58:37.167Z"}
info: Connected to the database. {"timestamp":"2022-01-09T14:58:37.491Z"}
info: Server started at http://localhost:3000 {"timestamp":"2022-01-09T14:58:58.630Z"}
info: Connected to the database. {"timestamp":"2022-01-09T14:58:59.095Z"}
info: Server started at http://localhost:3000 {"timestamp":"2022-01-09T16:12:26.689Z"}
info: Connected to the database. {"timestamp":"2022-01-09T16:12:27.637Z"}
info: Server started at http://localhost:3000 {"timestamp":"2022-01-09T16:12:44.791Z"}
info: Connected to the database. {"timestamp":"2022-01-09T16:12:46.486Z"}
info: Server started at http://localhost:3000 {"timestamp":"2022-01-09T16:13:29.803Z"}
info: Server started at http://localhost:3000 {"timestamp":"2022-01-09T16:13:32.221Z"}
info: Connected to the database. {"timestamp":"2022-01-09T16:13:32.676Z"}
info: Server started at http://localhost:3000 {"timestamp":"2022-01-09T16:13:36.487Z"}
info: Connected to the database. {"timestamp":"2022-01-09T16:13:37.033Z"}
info: Server started at http://localhost:3000 {"timestamp":"2022-01-09T16:15:21.375Z"}
info: Connected to the database. {"timestamp":"2022-01-09T16:15:22.021Z"}
info: Server started at http://localhost:3000 {"timestamp":"2022-01-09T16:15:51.736Z"}
info: Connected to the database. {"timestamp":"2022-01-09T16:15:52.446Z"}
info: Server started at http://localhost:3000 {"timestamp":"2022-01-09T16:16:10.813Z"}
info: Connected to the database. {"timestamp":"2022-01-09T16:16:11.570Z"}
info: Server started at http://localhost:3000 {"timestamp":"2022-01-09T16:50:22.123Z"}
info: Connected to the database. {"timestamp":"2022-01-09T16:50:22.796Z"}
info: Server started at http://localhost:3000 {"timestamp":"2022-01-09T16:50:32.556Z"}
info: Connected to the database. {"timestamp":"2022-01-09T16:50:33.218Z"}
info: Server started at http://localhost:3000 {"timestamp":"2022-01-09T16:50:35.530Z"}
info: Connected to the database. {"timestamp":"2022-01-09T16:50:36.285Z"}
info: Server started at http://localhost:3000 {"timestamp":"2022-01-09T16:50:38.612Z"}
info: Connected to the database. {"timestamp":"2022-01-09T16:50:39.083Z"}
info: Server started at http://localhost:3000 {"timestamp":"2022-01-09T16:51:18.420Z"}
info: Connected to the database. {"timestamp":"2022-01-09T16:51:19.024Z"}
info: Server started at http://localhost:3000 {"timestamp":"2022-01-09T16:51:28.522Z"}
info: Connected to the database. {"timestamp":"2022-01-09T16:51:30.110Z"}
info: Server started at http://localhost:3000 {"timestamp":"2022-01-09T16:51:44.109Z"}
info: Connected to the database. {"timestamp":"2022-01-09T16:51:44.549Z"}
info: Server started at http://localhost:3000 {"timestamp":"2022-01-09T16:51:56.439Z"}
info: Server started at http://localhost:3000 {"timestamp":"2022-01-09T16:52:06.874Z"}
info: Connected to the database. {"timestamp":"2022-01-09T16:52:07.409Z"}
info: Server started at http://localhost:3000 {"timestamp":"2022-01-09T16:52:27.065Z"}
info: Connected to the database. {"timestamp":"2022-01-09T16:52:28.533Z"}
info: Server started at http://localhost:3000 {"timestamp":"2022-01-09T16:52:43.391Z"}
info: Connected to the database. {"timestamp":"2022-01-09T16:52:44.092Z"}
info: Server started at http://localhost:3000 {"timestamp":"2022-01-09T16:53:40.055Z"}
info: Connected to the database. {"timestamp":"2022-01-09T16:53:40.732Z"}
info: Server started at http://localhost:3000 {"timestamp":"2022-01-09T16:53:50.707Z"}
info: Connected to the database. {"timestamp":"2022-01-09T16:53:51.333Z"}
info: Server started at http://localhost:3000 {"timestamp":"2022-01-09T16:55:02.362Z"}
info: Connected to the database. {"timestamp":"2022-01-09T16:55:03.015Z"}
info: Server started at http://localhost:3000 {"timestamp":"2022-01-09T16:55:51.544Z"}
info: Connected to the database. {"timestamp":"2022-01-09T16:55:52.202Z"}
info: Server started at http://localhost:3000 {"timestamp":"2022-01-09T16:56:05.392Z"}
info: Connected to the database. {"timestamp":"2022-01-09T16:56:05.916Z"}
info: Server started at http://localhost:3000 {"timestamp":"2022-01-09T16:56:57.791Z"}
info: Connected to the database. {"timestamp":"2022-01-09T16:56:58.221Z"}
info: Server started at http://localhost:3000 {"timestamp":"2022-01-09T16:57:50.604Z"}
info: Connected to the database. {"timestamp":"2022-01-09T16:57:51.113Z"}
error: 
    status - 500 
    message - Error: "email" must be a valid email
    at new exports.ValidationError (E:\cfp\EmployeeWage\empwage\node_modules\@hapi\joi\lib\errors.js:246:9)
    at Object.exports.process (E:\cfp\EmployeeWage\empwage\node_modules\@hapi\joi\lib\errors.js:189:29)
    at Object.internals.entry (E:\cfp\EmployeeWage\empwage\node_modules\@hapi\joi\lib\validator.js:140:26)
    at Object.exports.entry (E:\cfp\EmployeeWage\empwage\node_modules\@hapi\joi\lib\validator.js:26:30)
    at internals.Base.validate (E:\cfp\EmployeeWage\empwage\node_modules\@hapi\joi\lib\base.js:534:26)
    at registerValidator (E:\cfp\EmployeeWage\empwage\src\validators\/user.validator.js:10:45)
    at Layer.handle [as handle_request] (E:\cfp\EmployeeWage\empwage\node_modules\express\lib\router\layer.js:95:5)
    at next (E:\cfp\EmployeeWage\empwage\node_modules\express\lib\router\route.js:137:13) 
    url - /users/register 
    method - POST 
    IP - ::ffff:127.0.0.1
   {"timestamp":"2022-01-09T16:58:09.767Z"}
error: 
    status - 500 
    message - Error: "firstname" length must be at least 2 characters long
    at new exports.ValidationError (E:\cfp\EmployeeWage\empwage\node_modules\@hapi\joi\lib\errors.js:246:9)
    at Object.exports.process (E:\cfp\EmployeeWage\empwage\node_modules\@hapi\joi\lib\errors.js:189:29)
    at Object.internals.entry (E:\cfp\EmployeeWage\empwage\node_modules\@hapi\joi\lib\validator.js:140:26)
    at Object.exports.entry (E:\cfp\EmployeeWage\empwage\node_modules\@hapi\joi\lib\validator.js:26:30)
    at internals.Base.validate (E:\cfp\EmployeeWage\empwage\node_modules\@hapi\joi\lib\base.js:534:26)
    at registerValidator (E:\cfp\EmployeeWage\empwage\src\validators\/user.validator.js:10:45)
    at Layer.handle [as handle_request] (E:\cfp\EmployeeWage\empwage\node_modules\express\lib\router\layer.js:95:5)
    at next (E:\cfp\EmployeeWage\empwage\node_modules\express\lib\router\route.js:137:13) 
    url - /users/register 
    method - POST 
    IP - ::ffff:127.0.0.1
   {"timestamp":"2022-01-09T16:58:19.135Z"}
error: 
    status - 500 
    message - Error: "lastname" length must be at least 2 characters long
    at new exports.ValidationError (E:\cfp\EmployeeWage\empwage\node_modules\@hapi\joi\lib\errors.js:246:9)
    at Object.exports.process (E:\cfp\EmployeeWage\empwage\node_modules\@hapi\joi\lib\errors.js:189:29)
    at Object.internals.entry (E:\cfp\EmployeeWage\empwage\node_modules\@hapi\joi\lib\validator.js:140:26)
    at Object.exports.entry (E:\cfp\EmployeeWage\empwage\node_modules\@hapi\joi\lib\validator.js:26:30)
    at internals.Base.validate (E:\cfp\EmployeeWage\empwage\node_modules\@hapi\joi\lib\base.js:534:26)
    at registerValidator (E:\cfp\EmployeeWage\empwage\src\validators\/user.validator.js:10:45)
    at Layer.handle [as handle_request] (E:\cfp\EmployeeWage\empwage\node_modules\express\lib\router\layer.js:95:5)
    at next (E:\cfp\EmployeeWage\empwage\node_modules\express\lib\router\route.js:137:13) 
    url - /users/register 
    method - POST 
    IP - ::ffff:127.0.0.1
   {"timestamp":"2022-01-09T16:58:46.756Z"}
error: 
    status - 500 
    message - Error: "lastname" length must be at least 2 characters long
    at new exports.ValidationError (E:\cfp\EmployeeWage\empwage\node_modules\@hapi\joi\lib\errors.js:246:9)
    at Object.exports.process (E:\cfp\EmployeeWage\empwage\node_modules\@hapi\joi\lib\errors.js:189:29)
    at Object.internals.entry (E:\cfp\EmployeeWage\empwage\node_modules\@hapi\joi\lib\validator.js:140:26)
    at Object.exports.entry (E:\cfp\EmployeeWage\empwage\node_modules\@hapi\joi\lib\validator.js:26:30)
    at internals.Base.validate (E:\cfp\EmployeeWage\empwage\node_modules\@hapi\joi\lib\base.js:534:26)
    at registerValidator (E:\cfp\EmployeeWage\empwage\src\validators\/user.validator.js:10:45)
    at Layer.handle [as handle_request] (E:\cfp\EmployeeWage\empwage\node_modules\express\lib\router\layer.js:95:5)
    at next (E:\cfp\EmployeeWage\empwage\node_modules\express\lib\router\route.js:137:13) 
    url - /users/register 
    method - POST 
    IP - ::ffff:127.0.0.1
   {"timestamp":"2022-01-09T16:58:46.791Z"}
error: 
    status - 500 
    message - Error: "firstname" is not allowed to be empty
    at new exports.ValidationError (E:\cfp\EmployeeWage\empwage\node_modules\@hapi\joi\lib\errors.js:246:9)
    at Object.exports.process (E:\cfp\EmployeeWage\empwage\node_modules\@hapi\joi\lib\errors.js:189:29)
    at Object.internals.entry (E:\cfp\EmployeeWage\empwage\node_modules\@hapi\joi\lib\validator.js:140:26)
    at Object.exports.entry (E:\cfp\EmployeeWage\empwage\node_modules\@hapi\joi\lib\validator.js:26:30)
    at internals.Base.validate (E:\cfp\EmployeeWage\empwage\node_modules\@hapi\joi\lib\base.js:534:26)
    at registerValidator (E:\cfp\EmployeeWage\empwage\src\validators\/user.validator.js:10:45)
    at Layer.handle [as handle_request] (E:\cfp\EmployeeWage\empwage\node_modules\express\lib\router\layer.js:95:5)
    at next (E:\cfp\EmployeeWage\empwage\node_modules\express\lib\router\route.js:137:13) 
    url - /users/register 
    method - POST 
    IP - ::ffff:127.0.0.1
   {"timestamp":"2022-01-09T16:59:14.993Z"}
info: Server started at http://localhost:3000 {"timestamp":"2022-01-09T17:07:23.833Z"}
info: Connected to the database. {"timestamp":"2022-01-09T17:07:25.083Z"}
error: 
    status - 500 
    message - Error: "firstname" is not allowed to be empty
    at new exports.ValidationError (E:\cfp\EmployeeWage\empwage\node_modules\@hapi\joi\lib\errors.js:246:9)
    at Object.exports.process (E:\cfp\EmployeeWage\empwage\node_modules\@hapi\joi\lib\errors.js:189:29)
    at Object.internals.entry (E:\cfp\EmployeeWage\empwage\node_modules\@hapi\joi\lib\validator.js:140:26)
    at Object.exports.entry (E:\cfp\EmployeeWage\empwage\node_modules\@hapi\joi\lib\validator.js:26:30)
    at internals.Base.validate (E:\cfp\EmployeeWage\empwage\node_modules\@hapi\joi\lib\base.js:534:26)
    at registerValidator (E:\cfp\EmployeeWage\empwage\src\validators\/user.validator.js:10:45)
    at Layer.handle [as handle_request] (E:\cfp\EmployeeWage\empwage\node_modules\express\lib\router\layer.js:95:5)
    at next (E:\cfp\EmployeeWage\empwage\node_modules\express\lib\router\route.js:137:13) 
    url - /users/register 
    method - POST 
    IP - ::ffff:127.0.0.1
   {"timestamp":"2022-01-09T17:07:27.388Z"}
info: Server started at http://localhost:3000 {"timestamp":"2022-01-09T17:07:40.263Z"}
info: Connected to the database. {"timestamp":"2022-01-09T17:07:40.679Z"}
info: Server started at http://localhost:3000 {"timestamp":"2022-01-09T17:07:59.803Z"}
info: Connected to the database. {"timestamp":"2022-01-09T17:08:00.288Z"}
info: Server started at http://localhost:3000 {"timestamp":"2022-01-09T17:08:04.819Z"}
info: Connected to the database. {"timestamp":"2022-01-09T17:08:05.617Z"}
error: 
    status - 500 
    message - Error: "firstname" is not allowed to be empty
    at new exports.ValidationError (E:\cfp\EmployeeWage\empwage\node_modules\@hapi\joi\lib\errors.js:246:9)
    at Object.exports.process (E:\cfp\EmployeeWage\empwage\node_modules\@hapi\joi\lib\errors.js:189:29)
    at Object.internals.entry (E:\cfp\EmployeeWage\empwage\node_modules\@hapi\joi\lib\validator.js:140:26)
    at Object.exports.entry (E:\cfp\EmployeeWage\empwage\node_modules\@hapi\joi\lib\validator.js:26:30)
    at internals.Base.validate (E:\cfp\EmployeeWage\empwage\node_modules\@hapi\joi\lib\base.js:534:26)
    at registerValidator (E:\cfp\EmployeeWage\empwage\src\validators\/user.validator.js:10:45)
    at Layer.handle [as handle_request] (E:\cfp\EmployeeWage\empwage\node_modules\express\lib\router\layer.js:95:5)
    at next (E:\cfp\EmployeeWage\empwage\node_modules\express\lib\router\route.js:137:13) 
    url - /users/register 
    method - POST 
    IP - ::ffff:127.0.0.1
   {"timestamp":"2022-01-09T17:08:07.046Z"}
info: Server started at http://localhost:3000 {"timestamp":"2022-01-09T17:08:34.712Z"}
info: Connected to the database. {"timestamp":"2022-01-09T17:08:35.293Z"}
info: Server started at http://localhost:3000 {"timestamp":"2022-01-09T17:08:45.691Z"}
info: Connected to the database. {"timestamp":"2022-01-09T17:08:46.111Z"}
info: Server started at http://localhost:3000 {"timestamp":"2022-01-09T17:08:50.395Z"}
error: 
    status - 500 
    message - Error: "firstname" is not allowed to be empty
    at new exports.ValidationError (E:\cfp\EmployeeWage\empwage\node_modules\@hapi\joi\lib\errors.js:246:9)
    at Object.exports.process (E:\cfp\EmployeeWage\empwage\node_modules\@hapi\joi\lib\errors.js:189:29)
    at Object.internals.entry (E:\cfp\EmployeeWage\empwage\node_modules\@hapi\joi\lib\validator.js:140:26)
    at Object.exports.entry (E:\cfp\EmployeeWage\empwage\node_modules\@hapi\joi\lib\validator.js:26:30)
    at internals.Base.validate (E:\cfp\EmployeeWage\empwage\node_modules\@hapi\joi\lib\base.js:534:26)
    at registerValidator (E:\cfp\EmployeeWage\empwage\src\validators\/user.validator.js:10:45)
    at Layer.handle [as handle_request] (E:\cfp\EmployeeWage\empwage\node_modules\express\lib\router\layer.js:95:5)
    at next (E:\cfp\EmployeeWage\empwage\node_modules\express\lib\router\route.js:137:13) 
    url - /users/register 
    method - POST 
    IP - ::ffff:127.0.0.1
   {"timestamp":"2022-01-09T17:08:50.854Z"}
info: Connected to the database. {"timestamp":"2022-01-09T17:08:50.876Z"}
info: Server started at http://localhost:3000 {"timestamp":"2022-01-09T17:09:19.990Z"}
info: Connected to the database. {"timestamp":"2022-01-09T17:09:20.389Z"}
error: 
    status - 500 
    message - Error: "firstname" is not allowed to be empty
    at new exports.ValidationError (E:\cfp\EmployeeWage\empwage\node_modules\@hapi\joi\lib\errors.js:246:9)
    at Object.exports.process (E:\cfp\EmployeeWage\empwage\node_modules\@hapi\joi\lib\errors.js:189:29)
    at Object.internals.entry (E:\cfp\EmployeeWage\empwage\node_modules\@hapi\joi\lib\validator.js:140:26)
    at Object.exports.entry (E:\cfp\EmployeeWage\empwage\node_modules\@hapi\joi\lib\validator.js:26:30)
    at internals.Base.validate (E:\cfp\EmployeeWage\empwage\node_modules\@hapi\joi\lib\base.js:534:26)
    at registerValidator (E:\cfp\EmployeeWage\empwage\src\validators\/user.validator.js:10:45)
    at Layer.handle [as handle_request] (E:\cfp\EmployeeWage\empwage\node_modules\express\lib\router\layer.js:95:5)
    at next (E:\cfp\EmployeeWage\empwage\node_modules\express\lib\router\route.js:137:13) 
    url - /users/register 
    method - POST 
    IP - ::ffff:127.0.0.1
   {"timestamp":"2022-01-09T17:09:27.338Z"}
info: Server started at http://localhost:3000 {"timestamp":"2022-01-09T17:09:54.380Z"}
info: Connected to the database. {"timestamp":"2022-01-09T17:09:55.131Z"}
info: Server started at http://localhost:3000 {"timestamp":"2022-01-09T17:13:13.075Z"}
info: Connected to the database. {"timestamp":"2022-01-09T17:13:13.657Z"}
info: Server started at http://localhost:3000 {"timestamp":"2022-01-09T17:13:16.091Z"}
info: Connected to the database. {"timestamp":"2022-01-09T17:13:16.509Z"}
info: Server started at http://localhost:3000 {"timestamp":"2022-01-09T17:13:35.435Z"}
info: Connected to the database. {"timestamp":"2022-01-09T17:13:36.363Z"}
error: 
    status - 500 
    message - Error: "email" must be a valid email
    at new exports.ValidationError (E:\cfp\EmployeeWage\empwage\node_modules\@hapi\joi\lib\errors.js:246:9)
    at Object.exports.process (E:\cfp\EmployeeWage\empwage\node_modules\@hapi\joi\lib\errors.js:189:29)
    at Object.internals.entry (E:\cfp\EmployeeWage\empwage\node_modules\@hapi\joi\lib\validator.js:140:26)
    at Object.exports.entry (E:\cfp\EmployeeWage\empwage\node_modules\@hapi\joi\lib\validator.js:26:30)
    at internals.Base.validate (E:\cfp\EmployeeWage\empwage\node_modules\@hapi\joi\lib\base.js:534:26)
    at loginValidator (E:\cfp\EmployeeWage\empwage\src\validators\/user.validator.js:25:42)
    at Layer.handle [as handle_request] (E:\cfp\EmployeeWage\empwage\node_modules\express\lib\router\layer.js:95:5)
    at next (E:\cfp\EmployeeWage\empwage\node_modules\express\lib\router\route.js:137:13) 
    url - /users/login 
    method - GET 
    IP - ::ffff:127.0.0.1
   {"timestamp":"2022-01-09T17:13:39.782Z"}
error: 
    status - 500 
    message - Error: "password" is not allowed to be empty
    at new exports.ValidationError (E:\cfp\EmployeeWage\empwage\node_modules\@hapi\joi\lib\errors.js:246:9)
    at Object.exports.process (E:\cfp\EmployeeWage\empwage\node_modules\@hapi\joi\lib\errors.js:189:29)
    at Object.internals.entry (E:\cfp\EmployeeWage\empwage\node_modules\@hapi\joi\lib\validator.js:140:26)
    at Object.exports.entry (E:\cfp\EmployeeWage\empwage\node_modules\@hapi\joi\lib\validator.js:26:30)
    at internals.Base.validate (E:\cfp\EmployeeWage\empwage\node_modules\@hapi\joi\lib\base.js:534:26)
    at loginValidator (E:\cfp\EmployeeWage\empwage\src\validators\/user.validator.js:25:42)
    at Layer.handle [as handle_request] (E:\cfp\EmployeeWage\empwage\node_modules\express\lib\router\layer.js:95:5)
    at next (E:\cfp\EmployeeWage\empwage\node_modules\express\lib\router\route.js:137:13) 
    url - /users/login 
    method - GET 
    IP - ::ffff:127.0.0.1
   {"timestamp":"2022-01-09T17:13:55.737Z"}
info: Server started at http://localhost:3000 {"timestamp":"2022-01-09T17:14:17.031Z"}
info: Connected to the database. {"timestamp":"2022-01-09T17:14:17.692Z"}
info: Server started at http://localhost:3000 {"timestamp":"2022-01-09T17:14:20.994Z"}
info: Connected to the database. {"timestamp":"2022-01-09T17:14:21.444Z"}
info: Server started at http://localhost:3000 {"timestamp":"2022-01-09T17:14:25.028Z"}
info: Connected to the database. {"timestamp":"2022-01-09T17:14:25.488Z"}
info: Server started at http://localhost:3000 {"timestamp":"2022-01-09T17:14:30.217Z"}
info: Server started at http://localhost:3000 {"timestamp":"2022-01-09T17:14:36.328Z"}
info: Connected to the database. {"timestamp":"2022-01-09T17:14:36.740Z"}
info: Server started at http://localhost:3000 {"timestamp":"2022-01-09T17:14:40.457Z"}
info: Connected to the database. {"timestamp":"2022-01-09T17:14:41.888Z"}
info: Server started at http://localhost:3000 {"timestamp":"2022-01-09T17:15:47.950Z"}
info: Connected to the database. {"timestamp":"2022-01-09T17:15:48.479Z"}
error: 
    status - 500 
    message - TypeError: _joi.default.string(...).min(...).max(...).required(...).trim(...).minOfSpecialCharacters is not a function
    at loginValidator (E:\cfp\EmployeeWage\empwage\src\validators\/user.validator.js:23:65)
    at Layer.handle [as handle_request] (E:\cfp\EmployeeWage\empwage\node_modules\express\lib\router\layer.js:95:5)
    at next (E:\cfp\EmployeeWage\empwage\node_modules\express\lib\router\route.js:137:13)
    at Route.dispatch (E:\cfp\EmployeeWage\empwage\node_modules\express\lib\router\route.js:112:3)
    at Layer.handle [as handle_request] (E:\cfp\EmployeeWage\empwage\node_modules\express\lib\router\layer.js:95:5)
    at E:\cfp\EmployeeWage\empwage\node_modules\express\lib\router\index.js:281:22
    at Function.process_params (E:\cfp\EmployeeWage\empwage\node_modules\express\lib\router\index.js:341:12)
    at next (E:\cfp\EmployeeWage\empwage\node_modules\express\lib\router\index.js:275:10)
    at Function.handle (E:\cfp\EmployeeWage\empwage\node_modules\express\lib\router\index.js:174:3)
    at router (E:\cfp\EmployeeWage\empwage\node_modules\express\lib\router\index.js:47:12) 
    url - /users/login 
    method - GET 
    IP - ::ffff:127.0.0.1
   {"timestamp":"2022-01-09T17:15:52.511Z"}
info: Server started at http://localhost:3000 {"timestamp":"2022-01-09T17:16:11.515Z"}
info: Connected to the database. {"timestamp":"2022-01-09T17:16:11.959Z"}
info: Server started at http://localhost:3000 {"timestamp":"2022-01-09T17:17:06.513Z"}
info: Connected to the database. {"timestamp":"2022-01-09T17:17:07.198Z"}
info: Server started at http://localhost:3000 {"timestamp":"2022-01-09T17:22:30.881Z"}
info: Connected to the database. {"timestamp":"2022-01-09T17:22:31.436Z"}
info: Server started at http://localhost:3000 {"timestamp":"2022-01-09T17:24:22.642Z"}
info: Connected to the database. {"timestamp":"2022-01-09T17:24:23.236Z"}
