info: Server started at http://localhost:5050 {"timestamp":"2022-01-13T06:17:37.844Z"}
info: Server started at http://localhost:5050 {"timestamp":"2022-01-13T06:34:17.487Z"}
info: Server started at http://localhost:5050 {"timestamp":"2022-01-13T06:34:37.488Z"}
error: 
    status - 500 
    message - Error: "firstname" is not allowed to be empty
    at new exports.ValidationError (E:\cfp\EmployeeWage\empwage\node_modules\@hapi\joi\lib\errors.js:246:9)
    at Object.exports.process (E:\cfp\EmployeeWage\empwage\node_modules\@hapi\joi\lib\errors.js:189:29)
    at Object.internals.entry (E:\cfp\EmployeeWage\empwage\node_modules\@hapi\joi\lib\validator.js:140:26)
    at Object.exports.entry (E:\cfp\EmployeeWage\empwage\node_modules\@hapi\joi\lib\validator.js:26:30)
    at internals.Base.validate (E:\cfp\EmployeeWage\empwage\node_modules\@hapi\joi\lib\base.js:534:26)
    at registerValidator (E:\cfp\EmployeeWage\empwage\src\validators\/user.validator.js:11:45)
    at Layer.handle [as handle_request] (E:\cfp\EmployeeWage\empwage\node_modules\express\lib\router\layer.js:95:5)
    at next (E:\cfp\EmployeeWage\empwage\node_modules\express\lib\router\route.js:137:13) 
    url - /users/register 
    method - POST 
    IP - ::ffff:127.0.0.1
   {"timestamp":"2022-01-13T06:34:55.981Z"}
error: Could not connect to the database. Could not connect to any servers in your MongoDB Atlas cluster. One common reason is that you're trying to access the database from an IP that isn't whitelisted. Make sure your current IP address is on your Atlas cluster's IP whitelist: https://docs.atlas.mongodb.com/security-whitelist/ {"reason":{"commonWireVersion":null,"compatibilityError":null,"compatible":true,"heartbeatFrequencyMS":10000,"localThresholdMS":15,"logicalSessionTimeoutMinutes":null,"maxElectionId":null,"maxSetVersion":null,"servers":{},"setName":null,"stale":false,"type":"ReplicaSetNoPrimary"},"stack":"Error: \n    at new MongooseError (E:\\cfp\\EmployeeWage\\empwage\\node_modules\\mongoose\\lib\\error\\mongooseError.js:7:1)\n    at new MongooseServerSelectionError (E:\\cfp\\EmployeeWage\\empwage\\node_modules\\mongoose\\lib\\error\\serverSelection.js:26:1)\n    at NativeConnection.Connection.openUri (E:\\cfp\\EmployeeWage\\empwage\\node_modules\\mongoose\\lib\\connection.js:847:32)\n    at E:\\cfp\\EmployeeWage\\empwage\\node_modules\\mongoose\\lib\\index.js:351:10\n    at E:\\cfp\\EmployeeWage\\empwage\\node_modules\\mongoose\\lib\\helpers\\promiseOrCallback.js:32:5\n    at new Promise (<anonymous>)\n    at promiseOrCallback (E:\\cfp\\EmployeeWage\\empwage\\node_modules\\mongoose\\lib\\helpers\\promiseOrCallback.js:31:10)\n    at Mongoose._promiseOrCallback (E:\\cfp\\EmployeeWage\\empwage\\node_modules\\mongoose\\lib\\index.js:1149:10)","timestamp":"2022-01-13T06:35:07.523Z"}
info: Server started at http://localhost:5050 {"timestamp":"2022-01-13T06:36:26.264Z"}
error: 
    status - 500 
    message - Error: "firstname" is not allowed to be empty
    at new exports.ValidationError (E:\cfp\EmployeeWage\empwage\node_modules\@hapi\joi\lib\errors.js:246:9)
    at Object.exports.process (E:\cfp\EmployeeWage\empwage\node_modules\@hapi\joi\lib\errors.js:189:29)
    at Object.internals.entry (E:\cfp\EmployeeWage\empwage\node_modules\@hapi\joi\lib\validator.js:140:26)
    at Object.exports.entry (E:\cfp\EmployeeWage\empwage\node_modules\@hapi\joi\lib\validator.js:26:30)
    at internals.Base.validate (E:\cfp\EmployeeWage\empwage\node_modules\@hapi\joi\lib\base.js:534:26)
    at registerValidator (E:\cfp\EmployeeWage\empwage\src\validators\/user.validator.js:11:45)
    at Layer.handle [as handle_request] (E:\cfp\EmployeeWage\empwage\node_modules\express\lib\router\layer.js:95:5)
    at next (E:\cfp\EmployeeWage\empwage\node_modules\express\lib\router\route.js:137:13) 
    url - /users/register 
    method - POST 
    IP - ::ffff:127.0.0.1
   {"timestamp":"2022-01-13T06:36:41.100Z"}
error: Could not connect to the database. Could not connect to any servers in your MongoDB Atlas cluster. One common reason is that you're trying to access the database from an IP that isn't whitelisted. Make sure your current IP address is on your Atlas cluster's IP whitelist: https://docs.atlas.mongodb.com/security-whitelist/ {"reason":{"commonWireVersion":null,"compatibilityError":null,"compatible":true,"heartbeatFrequencyMS":10000,"localThresholdMS":15,"logicalSessionTimeoutMinutes":null,"maxElectionId":null,"maxSetVersion":null,"servers":{},"setName":null,"stale":false,"type":"ReplicaSetNoPrimary"},"stack":"Error: \n    at new MongooseError (E:\\cfp\\EmployeeWage\\empwage\\node_modules\\mongoose\\lib\\error\\mongooseError.js:7:1)\n    at new MongooseServerSelectionError (E:\\cfp\\EmployeeWage\\empwage\\node_modules\\mongoose\\lib\\error\\serverSelection.js:26:1)\n    at NativeConnection.Connection.openUri (E:\\cfp\\EmployeeWage\\empwage\\node_modules\\mongoose\\lib\\connection.js:847:32)\n    at E:\\cfp\\EmployeeWage\\empwage\\node_modules\\mongoose\\lib\\index.js:351:10\n    at E:\\cfp\\EmployeeWage\\empwage\\node_modules\\mongoose\\lib\\helpers\\promiseOrCallback.js:32:5\n    at new Promise (<anonymous>)\n    at promiseOrCallback (E:\\cfp\\EmployeeWage\\empwage\\node_modules\\mongoose\\lib\\helpers\\promiseOrCallback.js:31:10)\n    at Mongoose._promiseOrCallback (E:\\cfp\\EmployeeWage\\empwage\\node_modules\\mongoose\\lib\\index.js:1149:10)","timestamp":"2022-01-13T06:36:56.391Z"}
info: Server started at http://localhost:5050 {"timestamp":"2022-01-13T06:38:00.389Z"}
error: Could not connect to the database. Could not connect to any servers in your MongoDB Atlas cluster. One common reason is that you're trying to access the database from an IP that isn't whitelisted. Make sure your current IP address is on your Atlas cluster's IP whitelist: https://docs.atlas.mongodb.com/security-whitelist/ {"reason":{"commonWireVersion":null,"compatibilityError":null,"compatible":true,"heartbeatFrequencyMS":10000,"localThresholdMS":15,"logicalSessionTimeoutMinutes":null,"maxElectionId":null,"maxSetVersion":null,"servers":{},"setName":null,"stale":false,"type":"ReplicaSetNoPrimary"},"stack":"Error: \n    at new MongooseError (E:\\cfp\\EmployeeWage\\empwage\\node_modules\\mongoose\\lib\\error\\mongooseError.js:7:1)\n    at new MongooseServerSelectionError (E:\\cfp\\EmployeeWage\\empwage\\node_modules\\mongoose\\lib\\error\\serverSelection.js:26:1)\n    at NativeConnection.Connection.openUri (E:\\cfp\\EmployeeWage\\empwage\\node_modules\\mongoose\\lib\\connection.js:847:32)\n    at E:\\cfp\\EmployeeWage\\empwage\\node_modules\\mongoose\\lib\\index.js:351:10\n    at E:\\cfp\\EmployeeWage\\empwage\\node_modules\\mongoose\\lib\\helpers\\promiseOrCallback.js:32:5\n    at new Promise (<anonymous>)\n    at promiseOrCallback (E:\\cfp\\EmployeeWage\\empwage\\node_modules\\mongoose\\lib\\helpers\\promiseOrCallback.js:31:10)\n    at Mongoose._promiseOrCallback (E:\\cfp\\EmployeeWage\\empwage\\node_modules\\mongoose\\lib\\index.js:1149:10)","timestamp":"2022-01-13T06:38:30.698Z"}
info: Server started at http://localhost:5050 {"timestamp":"2022-01-13T06:42:15.226Z"}
error: Could not connect to the database. Could not connect to any servers in your MongoDB Atlas cluster. One common reason is that you're trying to access the database from an IP that isn't whitelisted. Make sure your current IP address is on your Atlas cluster's IP whitelist: https://docs.atlas.mongodb.com/security-whitelist/ {"reason":{"commonWireVersion":null,"compatibilityError":null,"compatible":true,"heartbeatFrequencyMS":10000,"localThresholdMS":15,"logicalSessionTimeoutMinutes":null,"maxElectionId":null,"maxSetVersion":null,"servers":{},"setName":null,"stale":false,"type":"ReplicaSetNoPrimary"},"stack":"Error: \n    at new MongooseError (E:\\cfp\\EmployeeWage\\empwage\\node_modules\\mongoose\\lib\\error\\mongooseError.js:7:1)\n    at new MongooseServerSelectionError (E:\\cfp\\EmployeeWage\\empwage\\node_modules\\mongoose\\lib\\error\\serverSelection.js:26:1)\n    at NativeConnection.Connection.openUri (E:\\cfp\\EmployeeWage\\empwage\\node_modules\\mongoose\\lib\\connection.js:847:32)\n    at E:\\cfp\\EmployeeWage\\empwage\\node_modules\\mongoose\\lib\\index.js:351:10\n    at E:\\cfp\\EmployeeWage\\empwage\\node_modules\\mongoose\\lib\\helpers\\promiseOrCallback.js:32:5\n    at new Promise (<anonymous>)\n    at promiseOrCallback (E:\\cfp\\EmployeeWage\\empwage\\node_modules\\mongoose\\lib\\helpers\\promiseOrCallback.js:31:10)\n    at Mongoose._promiseOrCallback (E:\\cfp\\EmployeeWage\\empwage\\node_modules\\mongoose\\lib\\index.js:1149:10)","timestamp":"2022-01-13T06:42:45.357Z"}
info: Server started at http://localhost:5050 {"timestamp":"2022-01-13T06:45:03.570Z"}
error: Could not connect to the database. Could not connect to any servers in your MongoDB Atlas cluster. One common reason is that you're trying to access the database from an IP that isn't whitelisted. Make sure your current IP address is on your Atlas cluster's IP whitelist: https://docs.atlas.mongodb.com/security-whitelist/ {"reason":{"commonWireVersion":null,"compatibilityError":null,"compatible":true,"heartbeatFrequencyMS":10000,"localThresholdMS":15,"logicalSessionTimeoutMinutes":null,"maxElectionId":null,"maxSetVersion":null,"servers":{},"setName":null,"stale":false,"type":"ReplicaSetNoPrimary"},"stack":"Error: \n    at new MongooseError (E:\\cfp\\EmployeeWage\\empwage\\node_modules\\mongoose\\lib\\error\\mongooseError.js:7:1)\n    at new MongooseServerSelectionError (E:\\cfp\\EmployeeWage\\empwage\\node_modules\\mongoose\\lib\\error\\serverSelection.js:26:1)\n    at NativeConnection.Connection.openUri (E:\\cfp\\EmployeeWage\\empwage\\node_modules\\mongoose\\lib\\connection.js:847:32)\n    at E:\\cfp\\EmployeeWage\\empwage\\node_modules\\mongoose\\lib\\index.js:351:10\n    at E:\\cfp\\EmployeeWage\\empwage\\node_modules\\mongoose\\lib\\helpers\\promiseOrCallback.js:32:5\n    at new Promise (<anonymous>)\n    at promiseOrCallback (E:\\cfp\\EmployeeWage\\empwage\\node_modules\\mongoose\\lib\\helpers\\promiseOrCallback.js:31:10)\n    at Mongoose._promiseOrCallback (E:\\cfp\\EmployeeWage\\empwage\\node_modules\\mongoose\\lib\\index.js:1149:10)","timestamp":"2022-01-13T06:45:33.687Z"}
info: Server started at http://localhost:5050 {"timestamp":"2022-01-13T06:49:33.367Z"}
error: Could not connect to the database. Could not connect to any servers in your MongoDB Atlas cluster. One common reason is that you're trying to access the database from an IP that isn't whitelisted. Make sure your current IP address is on your Atlas cluster's IP whitelist: https://docs.atlas.mongodb.com/security-whitelist/ {"reason":{"commonWireVersion":null,"compatibilityError":null,"compatible":true,"heartbeatFrequencyMS":10000,"localThresholdMS":15,"logicalSessionTimeoutMinutes":null,"maxElectionId":null,"maxSetVersion":null,"servers":{},"setName":null,"stale":false,"type":"ReplicaSetNoPrimary"},"stack":"Error: \n    at new MongooseError (E:\\cfp\\EmployeeWage\\empwage\\node_modules\\mongoose\\lib\\error\\mongooseError.js:7:1)\n    at new MongooseServerSelectionError (E:\\cfp\\EmployeeWage\\empwage\\node_modules\\mongoose\\lib\\error\\serverSelection.js:26:1)\n    at NativeConnection.Connection.openUri (E:\\cfp\\EmployeeWage\\empwage\\node_modules\\mongoose\\lib\\connection.js:847:32)\n    at E:\\cfp\\EmployeeWage\\empwage\\node_modules\\mongoose\\lib\\index.js:351:10\n    at E:\\cfp\\EmployeeWage\\empwage\\node_modules\\mongoose\\lib\\helpers\\promiseOrCallback.js:32:5\n    at new Promise (<anonymous>)\n    at promiseOrCallback (E:\\cfp\\EmployeeWage\\empwage\\node_modules\\mongoose\\lib\\helpers\\promiseOrCallback.js:31:10)\n    at Mongoose._promiseOrCallback (E:\\cfp\\EmployeeWage\\empwage\\node_modules\\mongoose\\lib\\index.js:1149:10)","timestamp":"2022-01-13T06:50:03.501Z"}
info: Server started at http://localhost:5050 {"timestamp":"2022-01-13T06:52:08.489Z"}
error: Could not connect to the database. bad auth : Authentication failed. {"code":8000,"codeName":"AtlasError","name":"MongoError","ok":0,"stack":"MongoError: bad auth : Authentication failed.\n    at MessageStream.messageHandler (E:\\cfp\\EmployeeWage\\empwage\\node_modules\\mongodb\\lib\\cmap\\connection.js:299:20)\n    at MessageStream.emit (events.js:375:28)\n    at MessageStream.emit (domain.js:470:12)\n    at processIncomingData (E:\\cfp\\EmployeeWage\\empwage\\node_modules\\mongodb\\lib\\cmap\\message_stream.js:144:12)\n    at MessageStream._write (E:\\cfp\\EmployeeWage\\empwage\\node_modules\\mongodb\\lib\\cmap\\message_stream.js:42:5)\n    at writeOrBuffer (internal/streams/writable.js:358:12)\n    at MessageStream.Writable.write (internal/streams/writable.js:303:10)\n    at TLSSocket.ondata (internal/streams/readable.js:726:22)\n    at TLSSocket.emit (events.js:375:28)\n    at TLSSocket.emit (domain.js:470:12)","timestamp":"2022-01-13T06:52:09.168Z"}
info: Server started at http://localhost:5050 {"timestamp":"2022-01-13T06:52:55.616Z"}
error: Could not connect to the database. bad auth : Authentication failed. {"code":8000,"codeName":"AtlasError","name":"MongoError","ok":0,"stack":"MongoError: bad auth : Authentication failed.\n    at MessageStream.messageHandler (E:\\cfp\\EmployeeWage\\empwage\\node_modules\\mongodb\\lib\\cmap\\connection.js:299:20)\n    at MessageStream.emit (events.js:375:28)\n    at MessageStream.emit (domain.js:470:12)\n    at processIncomingData (E:\\cfp\\EmployeeWage\\empwage\\node_modules\\mongodb\\lib\\cmap\\message_stream.js:144:12)\n    at MessageStream._write (E:\\cfp\\EmployeeWage\\empwage\\node_modules\\mongodb\\lib\\cmap\\message_stream.js:42:5)\n    at writeOrBuffer (internal/streams/writable.js:358:12)\n    at MessageStream.Writable.write (internal/streams/writable.js:303:10)\n    at TLSSocket.ondata (internal/streams/readable.js:726:22)\n    at TLSSocket.emit (events.js:375:28)\n    at TLSSocket.emit (domain.js:470:12)","timestamp":"2022-01-13T06:52:56.458Z"}
info: Server started at http://localhost:5050 {"timestamp":"2022-01-13T06:53:26.202Z"}
error: Could not connect to the database. bad auth : Authentication failed. {"code":8000,"codeName":"AtlasError","name":"MongoError","ok":0,"stack":"MongoError: bad auth : Authentication failed.\n    at MessageStream.messageHandler (E:\\cfp\\EmployeeWage\\empwage\\node_modules\\mongodb\\lib\\cmap\\connection.js:299:20)\n    at MessageStream.emit (events.js:375:28)\n    at MessageStream.emit (domain.js:470:12)\n    at processIncomingData (E:\\cfp\\EmployeeWage\\empwage\\node_modules\\mongodb\\lib\\cmap\\message_stream.js:144:12)\n    at MessageStream._write (E:\\cfp\\EmployeeWage\\empwage\\node_modules\\mongodb\\lib\\cmap\\message_stream.js:42:5)\n    at writeOrBuffer (internal/streams/writable.js:358:12)\n    at MessageStream.Writable.write (internal/streams/writable.js:303:10)\n    at TLSSocket.ondata (internal/streams/readable.js:726:22)\n    at TLSSocket.emit (events.js:375:28)\n    at TLSSocket.emit (domain.js:470:12)","timestamp":"2022-01-13T06:53:26.861Z"}
info: Server started at http://localhost:5050 {"timestamp":"2022-01-13T06:54:08.114Z"}
info: Connected to the database. {"timestamp":"2022-01-13T06:54:08.647Z"}
error: 
    status - 500 
    message - Error: "email" must be a valid email
    at new exports.ValidationError (E:\cfp\EmployeeWage\empwage\node_modules\@hapi\joi\lib\errors.js:246:9)
    at Object.exports.process (E:\cfp\EmployeeWage\empwage\node_modules\@hapi\joi\lib\errors.js:189:29)
    at Object.internals.entry (E:\cfp\EmployeeWage\empwage\node_modules\@hapi\joi\lib\validator.js:140:26)
    at Object.exports.entry (E:\cfp\EmployeeWage\empwage\node_modules\@hapi\joi\lib\validator.js:26:30)
    at internals.Base.validate (E:\cfp\EmployeeWage\empwage\node_modules\@hapi\joi\lib\base.js:534:26)
    at registerValidator (E:\cfp\EmployeeWage\empwage\src\validators\/user.validator.js:11:45)
    at Layer.handle [as handle_request] (E:\cfp\EmployeeWage\empwage\node_modules\express\lib\router\layer.js:95:5)
    at next (E:\cfp\EmployeeWage\empwage\node_modules\express\lib\router\route.js:137:13) 
    url - /users/register 
    method - POST 
    IP - ::ffff:127.0.0.1
   {"timestamp":"2022-01-13T06:55:01.915Z"}
info: Server started at http://localhost:5050 {"timestamp":"2022-01-13T06:56:13.170Z"}
info: Connected to the database. {"timestamp":"2022-01-13T06:56:13.825Z"}
info: Server started at http://localhost:5050 {"timestamp":"2022-01-13T06:56:23.617Z"}
info: Connected to the database. {"timestamp":"2022-01-13T06:56:24.174Z"}
info: Server started at http://localhost:5050 {"timestamp":"2022-01-13T06:56:30.420Z"}
info: Connected to the database. {"timestamp":"2022-01-13T06:56:30.960Z"}
info: Server started at http://localhost:5050 {"timestamp":"2022-01-13T06:56:48.964Z"}
info: Connected to the database. {"timestamp":"2022-01-13T06:56:49.542Z"}
info: Server started at http://localhost:5050 {"timestamp":"2022-01-13T06:57:13.767Z"}
info: Connected to the database. {"timestamp":"2022-01-13T06:57:14.512Z"}
info: Server started at http://localhost:5050 {"timestamp":"2022-01-13T06:59:21.923Z"}
info: Connected to the database. {"timestamp":"2022-01-13T06:59:22.660Z"}
info: Server started at http://localhost:5050 {"timestamp":"2022-01-13T07:00:11.904Z"}
info: Connected to the database. {"timestamp":"2022-01-13T07:00:12.917Z"}
info: Server started at http://localhost:5050 {"timestamp":"2022-01-13T07:00:38.115Z"}
info: Connected to the database. {"timestamp":"2022-01-13T07:00:38.747Z"}
info: Server started at http://localhost:5050 {"timestamp":"2022-01-13T07:00:58.226Z"}
info: Connected to the database. {"timestamp":"2022-01-13T07:00:58.735Z"}
info: Server started at http://localhost:5050 {"timestamp":"2022-01-13T07:05:02.357Z"}
info: Connected to the database. {"timestamp":"2022-01-13T07:05:03.136Z"}
info: Server started at http://localhost:5050 {"timestamp":"2022-01-13T07:05:28.895Z"}
info: Connected to the database. {"timestamp":"2022-01-13T07:05:29.412Z"}
error: 
    status - 500 
    message - Error: "email" must be a valid email
    at new exports.ValidationError (E:\cfp\EmployeeWage\empwage\node_modules\@hapi\joi\lib\errors.js:246:9)
    at Object.exports.process (E:\cfp\EmployeeWage\empwage\node_modules\@hapi\joi\lib\errors.js:189:29)
    at Object.internals.entry (E:\cfp\EmployeeWage\empwage\node_modules\@hapi\joi\lib\validator.js:140:26)
    at Object.exports.entry (E:\cfp\EmployeeWage\empwage\node_modules\@hapi\joi\lib\validator.js:26:30)
    at internals.Base.validate (E:\cfp\EmployeeWage\empwage\node_modules\@hapi\joi\lib\base.js:534:26)
    at loginValidator (E:\cfp\EmployeeWage\empwage\src\validators\/user.validator.js:26:42)
    at Layer.handle [as handle_request] (E:\cfp\EmployeeWage\empwage\node_modules\express\lib\router\layer.js:95:5)
    at next (E:\cfp\EmployeeWage\empwage\node_modules\express\lib\router\route.js:137:13) 
    url - /users/login 
    method - GET 
    IP - ::ffff:127.0.0.1
   {"timestamp":"2022-01-13T07:06:09.832Z"}
info: Server started at http://localhost:5050 {"timestamp":"2022-01-13T07:07:58.305Z"}
info: Connected to the database. {"timestamp":"2022-01-13T07:07:59.083Z"}
info: Server started at http://localhost:5050 {"timestamp":"2022-01-13T07:11:33.334Z"}
info: Connected to the database. {"timestamp":"2022-01-13T07:11:34.129Z"}
info: Server started at http://localhost:5050 {"timestamp":"2022-01-13T07:16:15.713Z"}
info: Connected to the database. {"timestamp":"2022-01-13T07:16:16.440Z"}
info: Server started at http://localhost:5050 {"timestamp":"2022-01-13T07:29:17.097Z"}
info: Connected to the database. {"timestamp":"2022-01-13T07:29:17.872Z"}
info: Server started at http://localhost:5050 {"timestamp":"2022-01-13T07:29:40.947Z"}
info: Connected to the database. {"timestamp":"2022-01-13T07:29:41.475Z"}
error: 
    status - 500 
    message - Error: "firstname" must be a string
    at new exports.ValidationError (E:\cfp\EmployeeWage\empwage\node_modules\@hapi\joi\lib\errors.js:246:9)
    at Object.exports.process (E:\cfp\EmployeeWage\empwage\node_modules\@hapi\joi\lib\errors.js:189:29)
    at Object.internals.entry (E:\cfp\EmployeeWage\empwage\node_modules\@hapi\joi\lib\validator.js:140:26)
    at Object.exports.entry (E:\cfp\EmployeeWage\empwage\node_modules\@hapi\joi\lib\validator.js:26:30)
    at internals.Base.validate (E:\cfp\EmployeeWage\empwage\node_modules\@hapi\joi\lib\base.js:534:26)
    at registerValidator (E:\cfp\EmployeeWage\empwage\src\validators\/user.validator.js:11:45)
    at Layer.handle [as handle_request] (E:\cfp\EmployeeWage\empwage\node_modules\express\lib\router\layer.js:95:5)
    at next (E:\cfp\EmployeeWage\empwage\node_modules\express\lib\router\route.js:137:13) 
    url - /users/register 
    method - POST 
    IP - ::ffff:127.0.0.1
   {"timestamp":"2022-01-13T07:33:59.416Z"}
info: Server started at http://localhost:5050 {"timestamp":"2022-01-13T07:35:34.679Z"}
info: Connected to the database. {"timestamp":"2022-01-13T07:35:35.515Z"}
info: Server started at http://localhost:5050 {"timestamp":"2022-01-13T07:37:39.434Z"}
info: Connected to the database. {"timestamp":"2022-01-13T07:37:40.133Z"}
info: Server started at http://localhost:5050 {"timestamp":"2022-01-13T07:37:46.641Z"}
info: Connected to the database. {"timestamp":"2022-01-13T07:37:47.150Z"}
info: Server started at http://localhost:5050 {"timestamp":"2022-01-13T07:37:52.798Z"}
info: Connected to the database. {"timestamp":"2022-01-13T07:37:53.339Z"}
info: Server started at http://localhost:5050 {"timestamp":"2022-01-13T07:38:00.420Z"}
info: Connected to the database. {"timestamp":"2022-01-13T07:38:00.948Z"}
info: Server started at http://localhost:5050 {"timestamp":"2022-01-13T07:38:04.725Z"}
info: Connected to the database. {"timestamp":"2022-01-13T07:38:05.262Z"}
info: Server started at http://localhost:5050 {"timestamp":"2022-01-13T09:05:28.188Z"}
info: Connected to the database. {"timestamp":"2022-01-13T09:05:28.982Z"}
info: Server started at http://localhost:5050 {"timestamp":"2022-01-13T09:08:26.655Z"}
info: Connected to the database. {"timestamp":"2022-01-13T09:08:27.416Z"}
info: Server started at http://localhost:5050 {"timestamp":"2022-01-13T09:08:38.781Z"}
info: Connected to the database. {"timestamp":"2022-01-13T09:08:39.279Z"}
info: Server started at http://localhost:5050 {"timestamp":"2022-01-13T09:09:07.142Z"}
info: Connected to the database. {"timestamp":"2022-01-13T09:09:07.654Z"}
info: Server started at http://localhost:5050 {"timestamp":"2022-01-13T09:09:19.222Z"}
info: Connected to the database. {"timestamp":"2022-01-13T09:09:19.683Z"}
info: Server started at http://localhost:5050 {"timestamp":"2022-01-13T09:09:25.686Z"}
info: Connected to the database. {"timestamp":"2022-01-13T09:09:26.503Z"}
info: Server started at http://localhost:5050 {"timestamp":"2022-01-13T09:09:33.461Z"}
info: Connected to the database. {"timestamp":"2022-01-13T09:09:33.993Z"}
info: Server started at http://localhost:5050 {"timestamp":"2022-01-13T09:10:25.110Z"}
info: Connected to the database. {"timestamp":"2022-01-13T09:10:25.642Z"}
info: Server started at http://localhost:5050 {"timestamp":"2022-01-13T09:10:34.072Z"}
info: Connected to the database. {"timestamp":"2022-01-13T09:10:34.628Z"}
info: Server started at http://localhost:5050 {"timestamp":"2022-01-13T09:10:55.333Z"}
info: Connected to the database. {"timestamp":"2022-01-13T09:10:55.821Z"}
info: Server started at http://localhost:5050 {"timestamp":"2022-01-13T09:11:14.284Z"}
info: Connected to the database. {"timestamp":"2022-01-13T09:11:14.988Z"}
info: Server started at http://localhost:5050 {"timestamp":"2022-01-13T09:11:21.507Z"}
info: Connected to the database. {"timestamp":"2022-01-13T09:11:22.017Z"}
info: Server started at http://localhost:5050 {"timestamp":"2022-01-13T09:11:49.844Z"}
info: Connected to the database. {"timestamp":"2022-01-13T09:11:50.545Z"}
info: Server started at http://localhost:5050 {"timestamp":"2022-01-13T09:12:06.796Z"}
info: Connected to the database. {"timestamp":"2022-01-13T09:12:07.327Z"}
info: Server started at http://localhost:5050 {"timestamp":"2022-01-13T09:12:15.468Z"}
info: Connected to the database. {"timestamp":"2022-01-13T09:12:15.931Z"}
info: Server started at http://localhost:5050 {"timestamp":"2022-01-13T09:12:35.838Z"}
info: Server started at http://localhost:5050 {"timestamp":"2022-01-13T09:16:23.833Z"}
info: Server started at http://localhost:5050 {"timestamp":"2022-01-13T09:17:53.063Z"}
info: Server started at http://localhost:5050 {"timestamp":"2022-01-13T09:18:50.893Z"}
info: Server started at http://localhost:5050 {"timestamp":"2022-01-13T09:19:33.819Z"}
info: Server started at http://localhost:5050 {"timestamp":"2022-01-13T09:21:17.272Z"}
info: Server started at http://localhost:5050 {"timestamp":"2022-01-13T09:24:21.783Z"}
info: Server started at http://localhost:5050 {"timestamp":"2022-01-13T09:26:01.862Z"}
info: Server started at http://localhost:5050 {"timestamp":"2022-01-13T09:28:34.383Z"}
info: Server started at http://localhost:5050 {"timestamp":"2022-01-13T09:29:32.537Z"}
info: Server started at http://localhost:5050 {"timestamp":"2022-01-13T09:33:01.430Z"}
info: Server started at http://localhost:5050 {"timestamp":"2022-01-13T09:33:33.337Z"}
info: Server started at http://localhost:5050 {"timestamp":"2022-01-13T09:35:14.982Z"}
info: Connected to the database. {"timestamp":"2022-01-13T09:35:15.795Z"}
info: Server started at http://localhost:5050 {"timestamp":"2022-01-13T09:35:59.176Z"}
info: Connected to the database. {"timestamp":"2022-01-13T09:36:00.095Z"}
info: Server started at http://localhost:5050 {"timestamp":"2022-01-13T09:36:37.636Z"}
info: Server started at http://localhost:5050 {"timestamp":"2022-01-13T09:37:28.240Z"}
info: Connected to the database. {"timestamp":"2022-01-13T09:37:28.762Z"}
info: Server started at http://localhost:5050 {"timestamp":"2022-01-13T09:38:22.316Z"}
info: Connected to the database. {"timestamp":"2022-01-13T09:38:23.201Z"}
info: Server started at http://localhost:5050 {"timestamp":"2022-01-13T09:39:13.365Z"}
info: Connected to the database. {"timestamp":"2022-01-13T09:39:13.920Z"}
info: Server started at http://localhost:5050 {"timestamp":"2022-01-13T09:39:23.990Z"}
info: Connected to the database. {"timestamp":"2022-01-13T09:39:24.793Z"}
error: 
    status - 500 
    message - TypeError: Cannot read property 'length' of undefined
    at _callee$ (E:\cfp\EmployeeWage\empwage\src\controllers\/user.controller.js:13:14)
    at tryCatch (E:\cfp\EmployeeWage\empwage\node_modules\regenerator-runtime\runtime.js:63:40)
    at Generator.invoke [as _invoke] (E:\cfp\EmployeeWage\empwage\node_modules\regenerator-runtime\runtime.js:294:22)
    at Generator.next (E:\cfp\EmployeeWage\empwage\node_modules\regenerator-runtime\runtime.js:119:21)
    at asyncGeneratorStep (E:\cfp\EmployeeWage\empwage\node_modules\@babel\runtime\helpers\asyncToGenerator.js:3:24)
    at _next (E:\cfp\EmployeeWage\empwage\node_modules\@babel\runtime\helpers\asyncToGenerator.js:25:9)
    at processTicksAndRejections (internal/process/task_queues.js:95:5) 
    url - /users/register 
    method - POST 
    IP - ::ffff:127.0.0.1
   {"timestamp":"2022-01-13T09:39:24.850Z"}
error: 
    status - 500 
    message - TypeError: Cannot read property 'length' of undefined
    at _callee$ (E:\cfp\EmployeeWage\empwage\src\controllers\/user.controller.js:13:14)
    at tryCatch (E:\cfp\EmployeeWage\empwage\node_modules\regenerator-runtime\runtime.js:63:40)
    at Generator.invoke [as _invoke] (E:\cfp\EmployeeWage\empwage\node_modules\regenerator-runtime\runtime.js:294:22)
    at Generator.next (E:\cfp\EmployeeWage\empwage\node_modules\regenerator-runtime\runtime.js:119:21)
    at asyncGeneratorStep (E:\cfp\EmployeeWage\empwage\node_modules\@babel\runtime\helpers\asyncToGenerator.js:3:24)
    at _next (E:\cfp\EmployeeWage\empwage\node_modules\@babel\runtime\helpers\asyncToGenerator.js:25:9)
    at processTicksAndRejections (internal/process/task_queues.js:95:5) 
    url - /users/register 
    method - POST 
    IP - ::ffff:127.0.0.1
   {"timestamp":"2022-01-13T09:39:35.155Z"}
info: Server started at http://localhost:5050 {"timestamp":"2022-01-13T09:39:53.707Z"}
info: Connected to the database. {"timestamp":"2022-01-13T09:39:54.226Z"}
error: 
    status - 500 
    message - Error: "email" must be a valid email
    at new exports.ValidationError (E:\cfp\EmployeeWage\empwage\node_modules\@hapi\joi\lib\errors.js:246:9)
    at Object.exports.process (E:\cfp\EmployeeWage\empwage\node_modules\@hapi\joi\lib\errors.js:189:29)
    at Object.internals.entry (E:\cfp\EmployeeWage\empwage\node_modules\@hapi\joi\lib\validator.js:140:26)
    at Object.exports.entry (E:\cfp\EmployeeWage\empwage\node_modules\@hapi\joi\lib\validator.js:26:30)
    at internals.Base.validate (E:\cfp\EmployeeWage\empwage\node_modules\@hapi\joi\lib\base.js:534:26)
    at registerValidator (E:\cfp\EmployeeWage\empwage\src\validators\/user.validator.js:11:45)
    at Layer.handle [as handle_request] (E:\cfp\EmployeeWage\empwage\node_modules\express\lib\router\layer.js:95:5)
    at next (E:\cfp\EmployeeWage\empwage\node_modules\express\lib\router\route.js:137:13) 
    url - /users/register 
    method - POST 
    IP - ::ffff:127.0.0.1
   {"timestamp":"2022-01-13T09:39:56.569Z"}
error: 
    status - 500 
    message - TypeError: Cannot read property 'length' of undefined
    at _callee$ (E:\cfp\EmployeeWage\empwage\src\controllers\/user.controller.js:13:14)
    at tryCatch (E:\cfp\EmployeeWage\empwage\node_modules\regenerator-runtime\runtime.js:63:40)
    at Generator.invoke [as _invoke] (E:\cfp\EmployeeWage\empwage\node_modules\regenerator-runtime\runtime.js:294:22)
    at Generator.next (E:\cfp\EmployeeWage\empwage\node_modules\regenerator-runtime\runtime.js:119:21)
    at asyncGeneratorStep (E:\cfp\EmployeeWage\empwage\node_modules\@babel\runtime\helpers\asyncToGenerator.js:3:24)
    at _next (E:\cfp\EmployeeWage\empwage\node_modules\@babel\runtime\helpers\asyncToGenerator.js:25:9)
    at processTicksAndRejections (internal/process/task_queues.js:95:5) 
    url - /users/register 
    method - POST 
    IP - ::ffff:127.0.0.1
   {"timestamp":"2022-01-13T09:40:05.448Z"}
info: Server started at http://localhost:5050 {"timestamp":"2022-01-13T09:42:11.115Z"}
info: Connected to the database. {"timestamp":"2022-01-13T09:42:11.826Z"}
info: Server started at http://localhost:5050 {"timestamp":"2022-01-13T09:43:19.330Z"}
info: Connected to the database. {"timestamp":"2022-01-13T09:43:20.167Z"}
info: Server started at http://localhost:5050 {"timestamp":"2022-01-13T09:45:41.798Z"}
info: Server started at http://localhost:5050 {"timestamp":"2022-01-13T09:47:52.947Z"}
info: Server started at http://localhost:5050 {"timestamp":"2022-01-13T09:50:21.029Z"}
info: Server started at http://localhost:5050 {"timestamp":"2022-01-13T09:50:43.973Z"}
info: Server started at http://localhost:5050 {"timestamp":"2022-01-13T09:51:27.791Z"}
info: Server started at http://localhost:5050 {"timestamp":"2022-01-13T09:58:27.826Z"}
info: Connected to the database. {"timestamp":"2022-01-13T09:58:29.173Z"}
error: 
    status - 500 
    message - Error: "firstname" is required
    at new exports.ValidationError (E:\cfp\EmployeeWage\empwage\node_modules\@hapi\joi\lib\errors.js:246:9)
    at Object.exports.process (E:\cfp\EmployeeWage\empwage\node_modules\@hapi\joi\lib\errors.js:189:29)
    at Object.internals.entry (E:\cfp\EmployeeWage\empwage\node_modules\@hapi\joi\lib\validator.js:140:26)
    at Object.exports.entry (E:\cfp\EmployeeWage\empwage\node_modules\@hapi\joi\lib\validator.js:26:30)
    at internals.Base.validate (E:\cfp\EmployeeWage\empwage\node_modules\@hapi\joi\lib\base.js:534:26)
    at registerValidator (E:\cfp\EmployeeWage\empwage\src\validators\/user.validator.js:11:45)
    at Layer.handle [as handle_request] (E:\cfp\EmployeeWage\empwage\node_modules\express\lib\router\layer.js:95:5)
    at next (E:\cfp\EmployeeWage\empwage\node_modules\express\lib\router\route.js:137:13) 
    url - /users/register 
    method - POST 
    IP - ::ffff:127.0.0.1
   {"timestamp":"2022-01-13T09:58:33.059Z"}
error: 
    status - 500 
    message - Error: "firstname" is required
    at new exports.ValidationError (E:\cfp\EmployeeWage\empwage\node_modules\@hapi\joi\lib\errors.js:246:9)
    at Object.exports.process (E:\cfp\EmployeeWage\empwage\node_modules\@hapi\joi\lib\errors.js:189:29)
    at Object.internals.entry (E:\cfp\EmployeeWage\empwage\node_modules\@hapi\joi\lib\validator.js:140:26)
    at Object.exports.entry (E:\cfp\EmployeeWage\empwage\node_modules\@hapi\joi\lib\validator.js:26:30)
    at internals.Base.validate (E:\cfp\EmployeeWage\empwage\node_modules\@hapi\joi\lib\base.js:534:26)
    at registerValidator (E:\cfp\EmployeeWage\empwage\src\validators\/user.validator.js:11:45)
    at Layer.handle [as handle_request] (E:\cfp\EmployeeWage\empwage\node_modules\express\lib\router\layer.js:95:5)
    at next (E:\cfp\EmployeeWage\empwage\node_modules\express\lib\router\route.js:137:13) 
    url - /users/register 
    method - POST 
    IP - ::ffff:127.0.0.1
   {"timestamp":"2022-01-13T09:58:34.361Z"}
info: Server started at http://localhost:5050 {"timestamp":"2022-01-13T09:59:54.622Z"}
info: Connected to the database. {"timestamp":"2022-01-13T09:59:56.642Z"}
info: Server started at http://localhost:5050 {"timestamp":"2022-01-13T10:09:50.039Z"}
info: Server started at http://localhost:5050 {"timestamp":"2022-01-13T10:10:02.181Z"}
info: Server started at http://localhost:5050 {"timestamp":"2022-01-13T10:10:52.000Z"}
error: 
    status - 500 
    message - ValidationError: "firstname" is required 
    url - /users/register?firstname=abhkl&lastname=kkklll&email=subhamD%40gmail.com&password=1234 
    method - POST 
    IP - ::ffff:127.0.0.1
   {"timestamp":"2022-01-13T10:10:52.031Z"}
info: Server started at http://localhost:5050 {"timestamp":"2022-01-13T10:11:00.745Z"}
error: 
    status - 500 
    message - ValidationError: "firstname" is required 
    url - /users/register?firstname=abhkl&lastname=kkklll&email=subhamD%40gmail.com&password=1234 
    method - POST 
    IP - ::ffff:127.0.0.1
   {"timestamp":"2022-01-13T10:11:00.811Z"}
info: Server started at http://localhost:5050 {"timestamp":"2022-01-13T10:11:12.952Z"}
error: 
    status - 500 
    message - ValidationError: "firstname" is required 
    url - /users/register?firstname=abhkl&lastname=kkklll&email=subhamD%40gmail.com&password=1234 
    method - POST 
    IP - ::ffff:127.0.0.1
   {"timestamp":"2022-01-13T10:11:13.008Z"}
info: Server started at http://localhost:5050 {"timestamp":"2022-01-13T10:11:37.481Z"}
info: Connected to the database. {"timestamp":"2022-01-13T10:11:38.229Z"}
info: Server started at http://localhost:5050 {"timestamp":"2022-01-13T10:12:07.287Z"}
info: Connected to the database. {"timestamp":"2022-01-13T10:12:08.220Z"}
info: Server started at http://localhost:5050 {"timestamp":"2022-01-13T10:12:43.931Z"}
info: Connected to the database. {"timestamp":"2022-01-13T10:12:44.544Z"}
info: Server started at http://localhost:5050 {"timestamp":"2022-01-13T10:26:47.523Z"}
info: Connected to the database. {"timestamp":"2022-01-13T10:26:48.385Z"}
info: Server started at http://localhost:5050 {"timestamp":"2022-01-13T10:29:17.721Z"}
info: Connected to the database. {"timestamp":"2022-01-13T10:29:18.612Z"}
info: Server started at http://localhost:5050 {"timestamp":"2022-01-13T10:29:44.157Z"}
error: 
    status - 500 
    message - ValidationError: "email" must be a valid email 
    url - /users/register 
    method - POST 
    IP - ::ffff:127.0.0.1
   {"timestamp":"2022-01-13T10:29:44.193Z"}
info: Server started at http://localhost:5050 {"timestamp":"2022-01-13T10:30:16.855Z"}
info: Connected to the database. {"timestamp":"2022-01-13T10:30:17.404Z"}
error: 
    status - 500 
    message - Error: "email" must be a valid email
    at new exports.ValidationError (E:\cfp\EmployeeWage\empwage\node_modules\@hapi\joi\lib\errors.js:246:9)
    at Object.exports.process (E:\cfp\EmployeeWage\empwage\node_modules\@hapi\joi\lib\errors.js:189:29)
    at Object.internals.entry (E:\cfp\EmployeeWage\empwage\node_modules\@hapi\joi\lib\validator.js:140:26)
    at Object.exports.entry (E:\cfp\EmployeeWage\empwage\node_modules\@hapi\joi\lib\validator.js:26:30)
    at internals.Base.validate (E:\cfp\EmployeeWage\empwage\node_modules\@hapi\joi\lib\base.js:534:26)
    at registerValidator (E:\cfp\EmployeeWage\empwage\src\validators\/user.validator.js:11:45)
    at Layer.handle [as handle_request] (E:\cfp\EmployeeWage\empwage\node_modules\express\lib\router\layer.js:95:5)
    at next (E:\cfp\EmployeeWage\empwage\node_modules\express\lib\router\route.js:137:13) 
    url - /users/register 
    method - POST 
    IP - ::ffff:127.0.0.1
   {"timestamp":"2022-01-13T10:30:41.608Z"}
info: Server started at http://localhost:5050 {"timestamp":"2022-01-13T10:31:42.212Z"}
info: Server started at http://localhost:5050 {"timestamp":"2022-01-13T10:31:44.859Z"}
info: Connected to the database. {"timestamp":"2022-01-13T10:31:45.577Z"}
info: Server started at http://localhost:5050 {"timestamp":"2022-01-13T10:31:55.022Z"}
info: Connected to the database. {"timestamp":"2022-01-13T10:31:55.527Z"}
info: Server started at http://localhost:5050 {"timestamp":"2022-01-13T10:32:05.982Z"}
info: Connected to the database. {"timestamp":"2022-01-13T10:32:06.742Z"}
info: Server started at http://localhost:5050 {"timestamp":"2022-01-13T10:32:17.959Z"}
info: Connected to the database. {"timestamp":"2022-01-13T10:32:18.931Z"}
info: Server started at http://localhost:5050 {"timestamp":"2022-01-13T10:32:27.003Z"}
info: Connected to the database. {"timestamp":"2022-01-13T10:32:27.786Z"}
info: Server started at http://localhost:5050 {"timestamp":"2022-01-13T10:32:38.455Z"}
info: Server started at http://localhost:5050 {"timestamp":"2022-01-13T10:32:47.678Z"}
info: Connected to the database. {"timestamp":"2022-01-13T10:32:48.578Z"}
info: Server started at http://localhost:5050 {"timestamp":"2022-01-13T10:32:51.463Z"}
info: Server started at http://localhost:5050 {"timestamp":"2022-01-13T10:33:01.072Z"}
error: 
    status - 500 
    message - ValidationError: "email" must be a valid email 
    url - /users/register 
    method - POST 
    IP - ::ffff:127.0.0.1
   {"timestamp":"2022-01-13T10:33:01.216Z"}
info: Server started at http://localhost:5050 {"timestamp":"2022-01-13T10:35:21.486Z"}
error: 
    status - 500 
    message - ValidationError: "email" must be a valid email 
    url - /users/register 
    method - POST 
    IP - ::ffff:127.0.0.1
   {"timestamp":"2022-01-13T10:35:21.525Z"}
info: Server started at http://localhost:5050 {"timestamp":"2022-01-13T10:38:57.840Z"}
error: 
    status - 500 
    message - ValidationError: "email" must be a valid email 
    url - /users/register 
    method - POST 
    IP - ::ffff:127.0.0.1
   {"timestamp":"2022-01-13T10:38:57.874Z"}
info: Server started at http://localhost:5050 {"timestamp":"2022-01-13T10:39:18.396Z"}
info: Connected to the database. {"timestamp":"2022-01-13T10:39:19.269Z"}
info: Server started at http://localhost:5050 {"timestamp":"2022-01-13T10:39:58.558Z"}
info: Connected to the database. {"timestamp":"2022-01-13T10:39:59.144Z"}
info: Server started at http://localhost:5050 {"timestamp":"2022-01-13T10:40:20.825Z"}
info: Connected to the database. {"timestamp":"2022-01-13T10:40:21.622Z"}
info: Server started at http://localhost:5050 {"timestamp":"2022-01-13T10:40:32.066Z"}
info: Connected to the database. {"timestamp":"2022-01-13T10:40:32.944Z"}
error: 
    status - 500 
    message - ValidationError: "email" must be a valid email 
    url - /users/register 
    method - POST 
    IP - ::ffff:127.0.0.1
   {"timestamp":"2022-01-13T10:40:33.220Z"}
info: Server started at http://localhost:5050 {"timestamp":"2022-01-13T10:41:34.390Z"}
info: Connected to the database. {"timestamp":"2022-01-13T10:41:35.390Z"}
error: 
    status - 500 
    message - ValidationError: "email" must be a valid email 
    url - /users/register 
    method - POST 
    IP - ::ffff:127.0.0.1
   {"timestamp":"2022-01-13T10:41:35.641Z"}
info: Server started at http://localhost:5050 {"timestamp":"2022-01-13T10:42:09.161Z"}
info: Connected to the database. {"timestamp":"2022-01-13T10:42:09.727Z"}
error: 
    status - 500 
    message - ValidationError: "email" must be a valid email 
    url - /users/register 
    method - POST 
    IP - ::ffff:127.0.0.1
   {"timestamp":"2022-01-13T10:42:09.912Z"}
info: Server started at http://localhost:5050 {"timestamp":"2022-01-13T10:43:43.392Z"}
info: Connected to the database. {"timestamp":"2022-01-13T10:43:44.229Z"}
error: 
    status - 500 
    message - ValidationError: "email" must be a valid email 
    url - /users/register 
    method - POST 
    IP - ::ffff:127.0.0.1
   {"timestamp":"2022-01-13T10:43:44.423Z"}
info: Server started at http://localhost:5050 {"timestamp":"2022-01-13T10:47:29.380Z"}
info: Connected to the database. {"timestamp":"2022-01-13T10:47:30.170Z"}
error: 
    status - 500 
    message - ValidationError: "email" must be a valid email 
    url - /users/register 
    method - POST 
    IP - ::ffff:127.0.0.1
   {"timestamp":"2022-01-13T10:47:30.310Z"}
error: 
    status - 500 
    message - ValidationError: "email" must be a valid email 
    url - /users/register 
    method - POST 
    IP - ::ffff:127.0.0.1
   {"timestamp":"2022-01-13T10:47:30.319Z"}
info: Server started at http://localhost:5050 {"timestamp":"2022-01-13T10:48:07.070Z"}
error: 
    status - 500 
    message - ValidationError: "email" must be a valid email 
    url - /users/register 
    method - POST 
    IP - ::ffff:127.0.0.1
   {"timestamp":"2022-01-13T10:48:07.111Z"}
info: Server started at http://localhost:5050 {"timestamp":"2022-01-13T10:48:33.835Z"}
error: 
    status - 500 
    message - ValidationError: "email" must be a valid email 
    url - /users/register 
    method - POST 
    IP - ::ffff:127.0.0.1
   {"timestamp":"2022-01-13T10:48:33.871Z"}
info: Server started at http://localhost:5050 {"timestamp":"2022-01-13T10:48:49.602Z"}
error: 
    status - 500 
    message - ValidationError: "firstname" is not allowed to be empty 
    url - /users/register 
    method - POST 
    IP - ::ffff:127.0.0.1
   {"timestamp":"2022-01-13T10:48:49.652Z"}
info: Server started at http://localhost:5050 {"timestamp":"2022-01-13T10:49:11.117Z"}
error: 
    status - 500 
    message - ValidationError: "firstname" is not allowed to be empty 
    url - /users/register 
    method - POST 
    IP - ::ffff:127.0.0.1
   {"timestamp":"2022-01-13T10:49:11.167Z"}
info: Server started at http://localhost:5050 {"timestamp":"2022-01-13T10:50:14.600Z"}
info: Connected to the database. {"timestamp":"2022-01-13T10:50:15.375Z"}
error: 
    status - 500 
    message - ValidationError: "email" must be a valid email 
    url - /users/register 
    method - POST 
    IP - ::ffff:127.0.0.1
   {"timestamp":"2022-01-13T10:50:15.607Z"}
error: 
    status - 500 
    message - ValidationError: "firstname" is not allowed to be empty 
    url - /users/register 
    method - POST 
    IP - ::ffff:127.0.0.1
   {"timestamp":"2022-01-13T10:50:15.616Z"}
error: 
    status - 500 
    message - ValidationError: "lastname" is not allowed to be empty 
    url - /users/register 
    method - POST 
    IP - ::ffff:127.0.0.1
   {"timestamp":"2022-01-13T10:50:15.625Z"}
info: Server started at http://localhost:5050 {"timestamp":"2022-01-13T10:50:30.248Z"}
error: 
    status - 500 
    message - ValidationError: "lastname" is not allowed to be empty 
    url - /users/register 
    method - POST 
    IP - ::ffff:127.0.0.1
   {"timestamp":"2022-01-13T10:50:30.303Z"}
info: Server started at http://localhost:5050 {"timestamp":"2022-01-13T10:57:35.390Z"}
error: 
    status - 500 
    message - ValidationError: "password" is not allowed to be empty 
    url - /users/register 
    method - POST 
    IP - ::ffff:127.0.0.1
   {"timestamp":"2022-01-13T10:57:35.428Z"}
info: Server started at http://localhost:5050 {"timestamp":"2022-01-13T11:01:28.524Z"}
info: Connected to the database. {"timestamp":"2022-01-13T11:01:29.216Z"}
error: 
    status - 500 
    message - ValidationError: "email" must be a valid email 
    url - /users/register 
    method - POST 
    IP - ::ffff:127.0.0.1
   {"timestamp":"2022-01-13T11:01:29.473Z"}
error: 
    status - 500 
    message - ValidationError: "firstname" is not allowed to be empty 
    url - /users/register 
    method - POST 
    IP - ::ffff:127.0.0.1
   {"timestamp":"2022-01-13T11:01:29.480Z"}
error: 
    status - 500 
    message - ValidationError: "lastname" is not allowed to be empty 
    url - /users/register 
    method - POST 
    IP - ::ffff:127.0.0.1
   {"timestamp":"2022-01-13T11:01:29.492Z"}
error: 
    status - 500 
    message - ValidationError: "password" is not allowed to be empty 
    url - /users/register 
    method - POST 
    IP - ::ffff:127.0.0.1
   {"timestamp":"2022-01-13T11:01:29.503Z"}
info: Server started at http://localhost:5050 {"timestamp":"2022-01-13T11:04:24.853Z"}
info: Connected to the database. {"timestamp":"2022-01-13T11:04:25.398Z"}
info: Server started at http://localhost:5050 {"timestamp":"2022-01-13T11:04:49.165Z"}
info: Connected to the database. {"timestamp":"2022-01-13T11:04:49.684Z"}
info: Server started at http://localhost:5050 {"timestamp":"2022-01-13T11:05:13.870Z"}
info: Connected to the database. {"timestamp":"2022-01-13T11:05:14.282Z"}
info: Server started at http://localhost:5050 {"timestamp":"2022-01-13T11:05:21.632Z"}
info: Server started at http://localhost:5050 {"timestamp":"2022-01-13T11:05:28.443Z"}
error: 
    status - 500 
    message - ValidationError: "firstname" is not allowed 
    url - /users/login 
    method - POST 
    IP - ::ffff:127.0.0.1
   {"timestamp":"2022-01-13T11:05:28.480Z"}
info: Server started at http://localhost:5050 {"timestamp":"2022-01-13T11:05:58.054Z"}
info: Connected to the database. {"timestamp":"2022-01-13T11:05:58.606Z"}
error: 
    status - 500 
    message - ValidationError: "email" must be a valid email 
    url - /users/register 
    method - POST 
    IP - ::ffff:127.0.0.1
   {"timestamp":"2022-01-13T11:05:58.766Z"}
error: 
    status - 500 
    message - ValidationError: "firstname" is not allowed to be empty 
    url - /users/register 
    method - POST 
    IP - ::ffff:127.0.0.1
   {"timestamp":"2022-01-13T11:05:58.774Z"}
error: 
    status - 500 
    message - ValidationError: "lastname" is not allowed to be empty 
    url - /users/register 
    method - POST 
    IP - ::ffff:127.0.0.1
   {"timestamp":"2022-01-13T11:05:58.782Z"}
error: 
    status - 500 
    message - ValidationError: "password" is not allowed to be empty 
    url - /users/register 
    method - POST 
    IP - ::ffff:127.0.0.1
   {"timestamp":"2022-01-13T11:05:58.792Z"}
error: 
    status - 500 
    message - ValidationError: "firstname" is not allowed 
    url - /users/login 
    method - POST 
    IP - ::ffff:127.0.0.1
   {"timestamp":"2022-01-13T11:05:58.805Z"}
info: Server started at http://localhost:5050 {"timestamp":"2022-01-13T11:07:04.729Z"}
info: Connected to the database. {"timestamp":"2022-01-13T11:07:05.347Z"}
info: Server started at http://localhost:5050 {"timestamp":"2022-01-13T11:49:23.539Z"}
info: Connected to the database. {"timestamp":"2022-01-13T11:49:24.363Z"}
error: 
    status - 500 
    message - ValidationError: "email" must be a valid email 
    url - /users/register 
    method - POST 
    IP - ::ffff:127.0.0.1
   {"timestamp":"2022-01-13T11:49:24.525Z"}
error: 
    status - 500 
    message - ValidationError: "firstname" is not allowed to be empty 
    url - /users/register 
    method - POST 
    IP - ::ffff:127.0.0.1
   {"timestamp":"2022-01-13T11:49:24.532Z"}
error: 
    status - 500 
    message - ValidationError: "lastname" is not allowed to be empty 
    url - /users/register 
    method - POST 
    IP - ::ffff:127.0.0.1
   {"timestamp":"2022-01-13T11:49:24.541Z"}
error: 
    status - 500 
    message - ValidationError: "password" is not allowed to be empty 
    url - /users/register 
    method - POST 
    IP - ::ffff:127.0.0.1
   {"timestamp":"2022-01-13T11:49:24.548Z"}
error: 
    status - 500 
    message - ValidationError: "firstname" is not allowed 
    url - /users/login 
    method - POST 
    IP - ::ffff:127.0.0.1
   {"timestamp":"2022-01-13T11:49:24.556Z"}
info: Server started at http://localhost:5050 {"timestamp":"2022-01-13T11:54:17.292Z"}
info: Connected to the database. {"timestamp":"2022-01-13T11:54:17.888Z"}
info: Server started at http://localhost:5050 {"timestamp":"2022-01-13T11:54:38.088Z"}
info: Connected to the database. {"timestamp":"2022-01-13T11:54:38.608Z"}
info: Server started at http://localhost:5050 {"timestamp":"2022-01-13T11:55:11.873Z"}
error: 
    status - 500 
    message - ValidationError: "firstname" is not allowed 
    url - /users/login 
    method - POST 
    IP - ::ffff:127.0.0.1
   {"timestamp":"2022-01-13T11:55:11.928Z"}
info: Server started at http://localhost:5050 {"timestamp":"2022-01-13T11:56:12.358Z"}
info: Connected to the database. {"timestamp":"2022-01-13T11:56:12.932Z"}
info: Server started at http://localhost:5050 {"timestamp":"2022-01-13T11:56:28.466Z"}
info: Connected to the database. {"timestamp":"2022-01-13T11:56:28.926Z"}
info: Server started at http://localhost:5050 {"timestamp":"2022-01-13T11:56:38.329Z"}
info: Connected to the database. {"timestamp":"2022-01-13T11:56:38.832Z"}
error: 
    status - 500 
    message - ValidationError: "email" must be a valid email 
    url - /users/register 
    method - POST 
    IP - ::ffff:127.0.0.1
   {"timestamp":"2022-01-13T11:56:38.925Z"}
error: 
    status - 500 
    message - ValidationError: "firstname" is not allowed to be empty 
    url - /users/register 
    method - POST 
    IP - ::ffff:127.0.0.1
   {"timestamp":"2022-01-13T11:56:38.945Z"}
error: 
    status - 500 
    message - ValidationError: "lastname" is not allowed to be empty 
    url - /users/register 
    method - POST 
    IP - ::ffff:127.0.0.1
   {"timestamp":"2022-01-13T11:56:38.952Z"}
error: 
    status - 500 
    message - ValidationError: "password" is not allowed to be empty 
    url - /users/register 
    method - POST 
    IP - ::ffff:127.0.0.1
   {"timestamp":"2022-01-13T11:56:38.960Z"}
