info: Server started at http://localhost:5050 {"timestamp":"2022-01-14T06:55:28.382Z"}
info: Connected to the database. {"timestamp":"2022-01-14T06:55:29.391Z"}
info: Server started at http://localhost:5050 {"timestamp":"2022-01-14T07:01:23.628Z"}
info: Connected to the database. {"timestamp":"2022-01-14T07:01:24.632Z"}
info: Server started at http://localhost:5050 {"timestamp":"2022-01-14T07:01:52.501Z"}
info: Connected to the database. {"timestamp":"2022-01-14T07:01:53.092Z"}
error: 
    status - 500 
    message - ValidationError: "email" must be a valid email 
    url - /users/register 
    method - POST 
    IP - ::ffff:127.0.0.1
   {"timestamp":"2022-01-14T07:01:53.368Z"}
error: 
    status - 500 
    message - ValidationError: "firstname" is not allowed to be empty 
    url - /users/register 
    method - POST 
    IP - ::ffff:127.0.0.1
   {"timestamp":"2022-01-14T07:01:53.380Z"}
error: 
    status - 500 
    message - ValidationError: "lastname" is not allowed to be empty 
    url - /users/register 
    method - POST 
    IP - ::ffff:127.0.0.1
   {"timestamp":"2022-01-14T07:01:53.389Z"}
error: 
    status - 500 
    message - ValidationError: "password" is not allowed to be empty 
    url - /users/register 
    method - POST 
    IP - ::ffff:127.0.0.1
   {"timestamp":"2022-01-14T07:01:53.399Z"}
error: 
    status - 500 
    message - ValidationError: "email" must be a valid email 
    url - /users/login 
    method - POST 
    IP - ::ffff:127.0.0.1
   {"timestamp":"2022-01-14T07:01:53.529Z"}
error: 
    status - 500 
    message - ValidationError: "email" is not allowed to be empty 
    url - /users/login 
    method - POST 
    IP - ::ffff:127.0.0.1
   {"timestamp":"2022-01-14T07:01:53.540Z"}
error: 
    status - 500 
    message - ValidationError: "password" is not allowed to be empty 
    url - /users/login 
    method - POST 
    IP - ::ffff:127.0.0.1
   {"timestamp":"2022-01-14T07:01:53.699Z"}
info: Server started at http://localhost:5050 {"timestamp":"2022-01-14T07:03:15.494Z"}
info: Connected to the database. {"timestamp":"2022-01-14T07:03:16.304Z"}
info: Server started at http://localhost:5050 {"timestamp":"2022-01-14T07:04:33.980Z"}
info: Connected to the database. {"timestamp":"2022-01-14T07:04:35.027Z"}
info: Server started at http://localhost:5050 {"timestamp":"2022-01-14T07:05:46.599Z"}
info: Connected to the database. {"timestamp":"2022-01-14T07:05:47.509Z"}
info: Server started at http://localhost:5050 {"timestamp":"2022-01-14T07:06:46.268Z"}
info: Connected to the database. {"timestamp":"2022-01-14T07:06:46.843Z"}
info: Server started at http://localhost:5050 {"timestamp":"2022-01-14T07:07:17.553Z"}
info: Connected to the database. {"timestamp":"2022-01-14T07:07:18.179Z"}
info: Server started at http://localhost:5050 {"timestamp":"2022-01-14T07:08:41.784Z"}
info: Connected to the database. {"timestamp":"2022-01-14T07:08:42.729Z"}
info: Server started at http://localhost:5050 {"timestamp":"2022-01-14T07:09:52.967Z"}
info: Connected to the database. {"timestamp":"2022-01-14T07:09:53.845Z"}
error: 
    status - 500 
    message - ValidationError: "email" must be a valid email 
    url - /users/register 
    method - POST 
    IP - ::ffff:127.0.0.1
   {"timestamp":"2022-01-14T07:09:53.983Z"}
error: 
    status - 500 
    message - ValidationError: "firstname" is not allowed to be empty 
    url - /users/register 
    method - POST 
    IP - ::ffff:127.0.0.1
   {"timestamp":"2022-01-14T07:09:53.994Z"}
error: 
    status - 500 
    message - ValidationError: "lastname" is not allowed to be empty 
    url - /users/register 
    method - POST 
    IP - ::ffff:127.0.0.1
   {"timestamp":"2022-01-14T07:09:54.005Z"}
error: 
    status - 500 
    message - ValidationError: "password" is not allowed to be empty 
    url - /users/register 
    method - POST 
    IP - ::ffff:127.0.0.1
   {"timestamp":"2022-01-14T07:09:54.017Z"}
error: 
    status - 500 
    message - ValidationError: "email" must be a valid email 
    url - /users/login 
    method - POST 
    IP - ::ffff:127.0.0.1
   {"timestamp":"2022-01-14T07:09:54.164Z"}
error: 
    status - 500 
    message - ValidationError: "email" is not allowed to be empty 
    url - /users/login 
    method - POST 
    IP - ::ffff:127.0.0.1
   {"timestamp":"2022-01-14T07:09:54.173Z"}
error: 
    status - 500 
    message - ValidationError: "password" is not allowed to be empty 
    url - /users/login 
    method - POST 
    IP - ::ffff:127.0.0.1
   {"timestamp":"2022-01-14T07:09:54.315Z"}
error: 
      status - 400
      message - Authorization token is required 
      url - /payroll/addEmployee 
      method - POST 
      IP - ::ffff:127.0.0.1
     {"timestamp":"2022-01-14T07:09:54.453Z"}
info: Server started at http://localhost:5050 {"timestamp":"2022-01-14T07:10:29.722Z"}
info: Connected to the database. {"timestamp":"2022-01-14T07:10:30.295Z"}
error: Could not connect to the database. The `uri` parameter to `openUri()` must be a string, got "undefined". Make sure the first parameter to `mongoose.connect()` or `mongoose.createConnection()` is a string. {"stack":"MongooseError: The `uri` parameter to `openUri()` must be a string, got \"undefined\". Make sure the first parameter to `mongoose.connect()` or `mongoose.createConnection()` is a string.\n    at NativeConnection.Connection.openUri (E:\\cfp\\EmployeeWage\\empwage\\node_modules\\mongoose\\lib\\connection.js:694:11)\n    at E:\\cfp\\EmployeeWage\\empwage\\node_modules\\mongoose\\lib\\index.js:351:10\n    at E:\\cfp\\EmployeeWage\\empwage\\node_modules\\mongoose\\lib\\helpers\\promiseOrCallback.js:32:5\n    at new Promise (<anonymous>)\n    at promiseOrCallback (E:\\cfp\\EmployeeWage\\empwage\\node_modules\\mongoose\\lib\\helpers\\promiseOrCallback.js:31:10)\n    at Mongoose._promiseOrCallback (E:\\cfp\\EmployeeWage\\empwage\\node_modules\\mongoose\\lib\\index.js:1149:10)\n    at Mongoose.connect (E:\\cfp\\EmployeeWage\\empwage\\node_modules\\mongoose\\lib\\index.js:350:20)\n    at _callee$ (E:\\cfp\\EmployeeWage\\empwage\\src\\config\\/database.js:11:20)\n    at tryCatch (E:\\cfp\\EmployeeWage\\empwage\\node_modules\\regenerator-runtime\\runtime.js:63:40)\n    at Generator.invoke [as _invoke] (E:\\cfp\\EmployeeWage\\empwage\\node_modules\\regenerator-runtime\\runtime.js:294:22)\n    at Generator.next (E:\\cfp\\EmployeeWage\\empwage\\node_modules\\regenerator-runtime\\runtime.js:119:21)\n    at asyncGeneratorStep (E:\\cfp\\EmployeeWage\\empwage\\node_modules\\@babel\\runtime\\helpers\\asyncToGenerator.js:3:24)\n    at _next (E:\\cfp\\EmployeeWage\\empwage\\node_modules\\@babel\\runtime\\helpers\\asyncToGenerator.js:25:9)\n    at E:\\cfp\\EmployeeWage\\empwage\\node_modules\\@babel\\runtime\\helpers\\asyncToGenerator.js:32:7\n    at new Promise (<anonymous>)\n    at E:\\cfp\\EmployeeWage\\empwage\\node_modules\\@babel\\runtime\\helpers\\asyncToGenerator.js:21:12\n    at database (E:\\cfp\\EmployeeWage\\empwage\\src\\config\\/database.js:4:15)\n    at Object.<anonymous> (E:\\cfp\\EmployeeWage\\empwage\\src\\/index.js:34:1)\n    at Module._compile (internal/modules/cjs/loader.js:1085:14)\n    at Module._compile (E:\\cfp\\EmployeeWage\\empwage\\node_modules\\pirates\\lib\\index.js:136:24)\n    at Module._extensions..js (internal/modules/cjs/loader.js:1114:10)\n    at Object.newLoader [as .js] (E:\\cfp\\EmployeeWage\\empwage\\node_modules\\pirates\\lib\\index.js:141:7)\n    at Module.load (internal/modules/cjs/loader.js:950:32)\n    at Function.Module._load (internal/modules/cjs/loader.js:790:14)\n    at Module.require (internal/modules/cjs/loader.js:974:19)\n    at require (internal/modules/cjs/helpers.js:92:18)\n    at Object.<anonymous> (E:\\cfp\\EmployeeWage\\empwage\\tests\\integration\\/user.test.js:5:1)\n    at Module._compile (internal/modules/cjs/loader.js:1085:14)\n    at Module._compile (E:\\cfp\\EmployeeWage\\empwage\\node_modules\\pirates\\lib\\index.js:136:24)\n    at Module._extensions..js (internal/modules/cjs/loader.js:1114:10)\n    at Object.newLoader [as .js] (E:\\cfp\\EmployeeWage\\empwage\\node_modules\\pirates\\lib\\index.js:141:7)\n    at Module.load (internal/modules/cjs/loader.js:950:32)\n    at Function.Module._load (internal/modules/cjs/loader.js:790:14)\n    at Module.require (internal/modules/cjs/loader.js:974:19)\n    at require (internal/modules/cjs/helpers.js:92:18)\n    at Object.exports.requireOrImport (E:\\cfp\\EmployeeWage\\empwage\\node_modules\\mocha\\lib\\esm-utils.js:42:12)\n    at Object.exports.loadFilesAsync (E:\\cfp\\EmployeeWage\\empwage\\node_modules\\mocha\\lib\\esm-utils.js:55:34)\n    at Mocha.loadFilesAsync (E:\\cfp\\EmployeeWage\\empwage\\node_modules\\mocha\\lib\\mocha.js:473:19)\n    at singleRun (E:\\cfp\\EmployeeWage\\empwage\\node_modules\\mocha\\lib\\cli\\run-helpers.js:125:15)\n    at exports.runMocha (E:\\cfp\\EmployeeWage\\empwage\\node_modules\\mocha\\lib\\cli\\run-helpers.js:190:10)\n    at Object.exports.handler (E:\\cfp\\EmployeeWage\\empwage\\node_modules\\mocha\\lib\\cli\\run.js:362:11)\n    at E:\\cfp\\EmployeeWage\\empwage\\node_modules\\yargs\\build\\index.cjs:443:71","timestamp":"2022-01-14T07:11:31.294Z"}
info: Server started at http://localhost:5050 {"timestamp":"2022-01-14T07:11:31.344Z"}
error: 
    status - 500 
    message - MongooseError: Operation `users.findOne()` buffering timed out after 10000ms
    at Timeout.<anonymous> (E:\cfp\EmployeeWage\empwage\node_modules\mongoose\lib\drivers\node-mongodb-native\collection.js:198:23)
    at listOnTimeout (internal/timers.js:557:17)
    at processTimers (internal/timers.js:500:7) 
    url - /users/login 
    method - POST 
    IP - ::ffff:127.0.0.1
   {"timestamp":"2022-01-14T07:11:41.397Z"}
error: Could not connect to the database. The `uri` parameter to `openUri()` must be a string, got "undefined". Make sure the first parameter to `mongoose.connect()` or `mongoose.createConnection()` is a string. {"stack":"MongooseError: The `uri` parameter to `openUri()` must be a string, got \"undefined\". Make sure the first parameter to `mongoose.connect()` or `mongoose.createConnection()` is a string.\n    at NativeConnection.Connection.openUri (E:\\cfp\\EmployeeWage\\empwage\\node_modules\\mongoose\\lib\\connection.js:694:11)\n    at E:\\cfp\\EmployeeWage\\empwage\\node_modules\\mongoose\\lib\\index.js:351:10\n    at E:\\cfp\\EmployeeWage\\empwage\\node_modules\\mongoose\\lib\\helpers\\promiseOrCallback.js:32:5\n    at new Promise (<anonymous>)\n    at promiseOrCallback (E:\\cfp\\EmployeeWage\\empwage\\node_modules\\mongoose\\lib\\helpers\\promiseOrCallback.js:31:10)\n    at Mongoose._promiseOrCallback (E:\\cfp\\EmployeeWage\\empwage\\node_modules\\mongoose\\lib\\index.js:1149:10)\n    at Mongoose.connect (E:\\cfp\\EmployeeWage\\empwage\\node_modules\\mongoose\\lib\\index.js:350:20)\n    at _callee$ (E:\\cfp\\EmployeeWage\\empwage\\src\\config\\/database.js:11:20)\n    at tryCatch (E:\\cfp\\EmployeeWage\\empwage\\node_modules\\regenerator-runtime\\runtime.js:63:40)\n    at Generator.invoke [as _invoke] (E:\\cfp\\EmployeeWage\\empwage\\node_modules\\regenerator-runtime\\runtime.js:294:22)\n    at Generator.next (E:\\cfp\\EmployeeWage\\empwage\\node_modules\\regenerator-runtime\\runtime.js:119:21)\n    at asyncGeneratorStep (E:\\cfp\\EmployeeWage\\empwage\\node_modules\\@babel\\runtime\\helpers\\asyncToGenerator.js:3:24)\n    at _next (E:\\cfp\\EmployeeWage\\empwage\\node_modules\\@babel\\runtime\\helpers\\asyncToGenerator.js:25:9)\n    at E:\\cfp\\EmployeeWage\\empwage\\node_modules\\@babel\\runtime\\helpers\\asyncToGenerator.js:32:7\n    at new Promise (<anonymous>)\n    at E:\\cfp\\EmployeeWage\\empwage\\node_modules\\@babel\\runtime\\helpers\\asyncToGenerator.js:21:12\n    at database (E:\\cfp\\EmployeeWage\\empwage\\src\\config\\/database.js:4:15)\n    at Object.<anonymous> (E:\\cfp\\EmployeeWage\\empwage\\src\\/index.js:34:1)\n    at Module._compile (internal/modules/cjs/loader.js:1085:14)\n    at Module._compile (E:\\cfp\\EmployeeWage\\empwage\\node_modules\\pirates\\lib\\index.js:136:24)\n    at Module._extensions..js (internal/modules/cjs/loader.js:1114:10)\n    at Object.newLoader [as .js] (E:\\cfp\\EmployeeWage\\empwage\\node_modules\\pirates\\lib\\index.js:141:7)\n    at Module.load (internal/modules/cjs/loader.js:950:32)\n    at Function.Module._load (internal/modules/cjs/loader.js:790:14)\n    at Module.require (internal/modules/cjs/loader.js:974:19)\n    at require (internal/modules/cjs/helpers.js:92:18)\n    at Object.<anonymous> (E:\\cfp\\EmployeeWage\\empwage\\tests\\integration\\/user.test.js:5:1)\n    at Module._compile (internal/modules/cjs/loader.js:1085:14)\n    at Module._compile (E:\\cfp\\EmployeeWage\\empwage\\node_modules\\pirates\\lib\\index.js:136:24)\n    at Module._extensions..js (internal/modules/cjs/loader.js:1114:10)\n    at Object.newLoader [as .js] (E:\\cfp\\EmployeeWage\\empwage\\node_modules\\pirates\\lib\\index.js:141:7)\n    at Module.load (internal/modules/cjs/loader.js:950:32)\n    at Function.Module._load (internal/modules/cjs/loader.js:790:14)\n    at Module.require (internal/modules/cjs/loader.js:974:19)\n    at require (internal/modules/cjs/helpers.js:92:18)\n    at Object.exports.requireOrImport (E:\\cfp\\EmployeeWage\\empwage\\node_modules\\mocha\\lib\\esm-utils.js:42:12)\n    at Object.exports.loadFilesAsync (E:\\cfp\\EmployeeWage\\empwage\\node_modules\\mocha\\lib\\esm-utils.js:55:34)\n    at Mocha.loadFilesAsync (E:\\cfp\\EmployeeWage\\empwage\\node_modules\\mocha\\lib\\mocha.js:473:19)\n    at singleRun (E:\\cfp\\EmployeeWage\\empwage\\node_modules\\mocha\\lib\\cli\\run-helpers.js:125:15)\n    at exports.runMocha (E:\\cfp\\EmployeeWage\\empwage\\node_modules\\mocha\\lib\\cli\\run-helpers.js:190:10)\n    at Object.exports.handler (E:\\cfp\\EmployeeWage\\empwage\\node_modules\\mocha\\lib\\cli\\run.js:362:11)\n    at E:\\cfp\\EmployeeWage\\empwage\\node_modules\\yargs\\build\\index.cjs:443:71","timestamp":"2022-01-14T07:12:03.395Z"}
info: Server started at http://localhost:5050 {"timestamp":"2022-01-14T07:12:03.453Z"}
error: 
    status - 500 
    message - MongooseError: Operation `users.find()` buffering timed out after 10000ms
    at Timeout.<anonymous> (E:\cfp\EmployeeWage\empwage\node_modules\mongoose\lib\drivers\node-mongodb-native\collection.js:198:23)
    at listOnTimeout (internal/timers.js:557:17)
    at processTimers (internal/timers.js:500:7) 
    url - /users/register 
    method - POST 
    IP - ::ffff:127.0.0.1
   {"timestamp":"2022-01-14T07:12:13.506Z"}
error: 
    status - 500 
    message - ValidationError: "email" must be a valid email 
    url - /users/register 
    method - POST 
    IP - ::ffff:127.0.0.1
   {"timestamp":"2022-01-14T07:12:13.586Z"}
error: 
    status - 500 
    message - ValidationError: "firstname" is not allowed to be empty 
    url - /users/register 
    method - POST 
    IP - ::ffff:127.0.0.1
   {"timestamp":"2022-01-14T07:12:13.597Z"}
error: 
    status - 500 
    message - ValidationError: "lastname" is not allowed to be empty 
    url - /users/register 
    method - POST 
    IP - ::ffff:127.0.0.1
   {"timestamp":"2022-01-14T07:12:13.609Z"}
error: 
    status - 500 
    message - ValidationError: "password" is not allowed to be empty 
    url - /users/register 
    method - POST 
    IP - ::ffff:127.0.0.1
   {"timestamp":"2022-01-14T07:12:13.619Z"}
error: Could not connect to the database. The `uri` parameter to `openUri()` must be a string, got "undefined". Make sure the first parameter to `mongoose.connect()` or `mongoose.createConnection()` is a string. {"stack":"MongooseError: The `uri` parameter to `openUri()` must be a string, got \"undefined\". Make sure the first parameter to `mongoose.connect()` or `mongoose.createConnection()` is a string.\n    at NativeConnection.Connection.openUri (E:\\cfp\\EmployeeWage\\empwage\\node_modules\\mongoose\\lib\\connection.js:694:11)\n    at E:\\cfp\\EmployeeWage\\empwage\\node_modules\\mongoose\\lib\\index.js:351:10\n    at E:\\cfp\\EmployeeWage\\empwage\\node_modules\\mongoose\\lib\\helpers\\promiseOrCallback.js:32:5\n    at new Promise (<anonymous>)\n    at promiseOrCallback (E:\\cfp\\EmployeeWage\\empwage\\node_modules\\mongoose\\lib\\helpers\\promiseOrCallback.js:31:10)\n    at Mongoose._promiseOrCallback (E:\\cfp\\EmployeeWage\\empwage\\node_modules\\mongoose\\lib\\index.js:1149:10)\n    at Mongoose.connect (E:\\cfp\\EmployeeWage\\empwage\\node_modules\\mongoose\\lib\\index.js:350:20)\n    at _callee$ (E:\\cfp\\EmployeeWage\\empwage\\src\\config\\/database.js:11:20)\n    at tryCatch (E:\\cfp\\EmployeeWage\\empwage\\node_modules\\regenerator-runtime\\runtime.js:63:40)\n    at Generator.invoke [as _invoke] (E:\\cfp\\EmployeeWage\\empwage\\node_modules\\regenerator-runtime\\runtime.js:294:22)\n    at Generator.next (E:\\cfp\\EmployeeWage\\empwage\\node_modules\\regenerator-runtime\\runtime.js:119:21)\n    at asyncGeneratorStep (E:\\cfp\\EmployeeWage\\empwage\\node_modules\\@babel\\runtime\\helpers\\asyncToGenerator.js:3:24)\n    at _next (E:\\cfp\\EmployeeWage\\empwage\\node_modules\\@babel\\runtime\\helpers\\asyncToGenerator.js:25:9)\n    at E:\\cfp\\EmployeeWage\\empwage\\node_modules\\@babel\\runtime\\helpers\\asyncToGenerator.js:32:7\n    at new Promise (<anonymous>)\n    at E:\\cfp\\EmployeeWage\\empwage\\node_modules\\@babel\\runtime\\helpers\\asyncToGenerator.js:21:12\n    at database (E:\\cfp\\EmployeeWage\\empwage\\src\\config\\/database.js:4:15)\n    at Object.<anonymous> (E:\\cfp\\EmployeeWage\\empwage\\src\\/index.js:34:1)\n    at Module._compile (internal/modules/cjs/loader.js:1085:14)\n    at Module._compile (E:\\cfp\\EmployeeWage\\empwage\\node_modules\\pirates\\lib\\index.js:136:24)\n    at Module._extensions..js (internal/modules/cjs/loader.js:1114:10)\n    at Object.newLoader [as .js] (E:\\cfp\\EmployeeWage\\empwage\\node_modules\\pirates\\lib\\index.js:141:7)\n    at Module.load (internal/modules/cjs/loader.js:950:32)\n    at Function.Module._load (internal/modules/cjs/loader.js:790:14)\n    at Module.require (internal/modules/cjs/loader.js:974:19)\n    at require (internal/modules/cjs/helpers.js:92:18)\n    at Object.<anonymous> (E:\\cfp\\EmployeeWage\\empwage\\tests\\integration\\/user.test.js:5:1)\n    at Module._compile (internal/modules/cjs/loader.js:1085:14)\n    at Module._compile (E:\\cfp\\EmployeeWage\\empwage\\node_modules\\pirates\\lib\\index.js:136:24)\n    at Module._extensions..js (internal/modules/cjs/loader.js:1114:10)\n    at Object.newLoader [as .js] (E:\\cfp\\EmployeeWage\\empwage\\node_modules\\pirates\\lib\\index.js:141:7)\n    at Module.load (internal/modules/cjs/loader.js:950:32)\n    at Function.Module._load (internal/modules/cjs/loader.js:790:14)\n    at Module.require (internal/modules/cjs/loader.js:974:19)\n    at require (internal/modules/cjs/helpers.js:92:18)\n    at Object.exports.requireOrImport (E:\\cfp\\EmployeeWage\\empwage\\node_modules\\mocha\\lib\\esm-utils.js:42:12)\n    at Object.exports.loadFilesAsync (E:\\cfp\\EmployeeWage\\empwage\\node_modules\\mocha\\lib\\esm-utils.js:55:34)\n    at Mocha.loadFilesAsync (E:\\cfp\\EmployeeWage\\empwage\\node_modules\\mocha\\lib\\mocha.js:473:19)\n    at singleRun (E:\\cfp\\EmployeeWage\\empwage\\node_modules\\mocha\\lib\\cli\\run-helpers.js:125:15)\n    at exports.runMocha (E:\\cfp\\EmployeeWage\\empwage\\node_modules\\mocha\\lib\\cli\\run-helpers.js:190:10)\n    at Object.exports.handler (E:\\cfp\\EmployeeWage\\empwage\\node_modules\\mocha\\lib\\cli\\run.js:362:11)\n    at E:\\cfp\\EmployeeWage\\empwage\\node_modules\\yargs\\build\\index.cjs:443:71","timestamp":"2022-01-14T07:12:36.451Z"}
info: Server started at http://localhost:5050 {"timestamp":"2022-01-14T07:12:36.510Z"}
error: 
    status - 500 
    message - MongooseError: Operation `users.find()` buffering timed out after 10000ms
    at Timeout.<anonymous> (E:\cfp\EmployeeWage\empwage\node_modules\mongoose\lib\drivers\node-mongodb-native\collection.js:198:23)
    at listOnTimeout (internal/timers.js:557:17)
    at processTimers (internal/timers.js:500:7) 
    url - /users/register 
    method - POST 
    IP - ::ffff:127.0.0.1
   {"timestamp":"2022-01-14T07:12:46.575Z"}
error: 
    status - 500 
    message - ValidationError: "email" must be a valid email 
    url - /users/register 
    method - POST 
    IP - ::ffff:127.0.0.1
   {"timestamp":"2022-01-14T07:12:46.674Z"}
error: 
    status - 500 
    message - ValidationError: "firstname" is not allowed to be empty 
    url - /users/register 
    method - POST 
    IP - ::ffff:127.0.0.1
   {"timestamp":"2022-01-14T07:12:46.687Z"}
error: 
    status - 500 
    message - ValidationError: "lastname" is not allowed to be empty 
    url - /users/register 
    method - POST 
    IP - ::ffff:127.0.0.1
   {"timestamp":"2022-01-14T07:12:46.701Z"}
error: 
    status - 500 
    message - ValidationError: "password" is not allowed to be empty 
    url - /users/register 
    method - POST 
    IP - ::ffff:127.0.0.1
   {"timestamp":"2022-01-14T07:12:46.713Z"}
error: Could not connect to the database. The `uri` parameter to `openUri()` must be a string, got "undefined". Make sure the first parameter to `mongoose.connect()` or `mongoose.createConnection()` is a string. {"stack":"MongooseError: The `uri` parameter to `openUri()` must be a string, got \"undefined\". Make sure the first parameter to `mongoose.connect()` or `mongoose.createConnection()` is a string.\n    at NativeConnection.Connection.openUri (E:\\cfp\\EmployeeWage\\empwage\\node_modules\\mongoose\\lib\\connection.js:694:11)\n    at E:\\cfp\\EmployeeWage\\empwage\\node_modules\\mongoose\\lib\\index.js:351:10\n    at E:\\cfp\\EmployeeWage\\empwage\\node_modules\\mongoose\\lib\\helpers\\promiseOrCallback.js:32:5\n    at new Promise (<anonymous>)\n    at promiseOrCallback (E:\\cfp\\EmployeeWage\\empwage\\node_modules\\mongoose\\lib\\helpers\\promiseOrCallback.js:31:10)\n    at Mongoose._promiseOrCallback (E:\\cfp\\EmployeeWage\\empwage\\node_modules\\mongoose\\lib\\index.js:1149:10)\n    at Mongoose.connect (E:\\cfp\\EmployeeWage\\empwage\\node_modules\\mongoose\\lib\\index.js:350:20)\n    at _callee$ (E:\\cfp\\EmployeeWage\\empwage\\src\\config\\/database.js:11:20)\n    at tryCatch (E:\\cfp\\EmployeeWage\\empwage\\node_modules\\regenerator-runtime\\runtime.js:63:40)\n    at Generator.invoke [as _invoke] (E:\\cfp\\EmployeeWage\\empwage\\node_modules\\regenerator-runtime\\runtime.js:294:22)\n    at Generator.next (E:\\cfp\\EmployeeWage\\empwage\\node_modules\\regenerator-runtime\\runtime.js:119:21)\n    at asyncGeneratorStep (E:\\cfp\\EmployeeWage\\empwage\\node_modules\\@babel\\runtime\\helpers\\asyncToGenerator.js:3:24)\n    at _next (E:\\cfp\\EmployeeWage\\empwage\\node_modules\\@babel\\runtime\\helpers\\asyncToGenerator.js:25:9)\n    at E:\\cfp\\EmployeeWage\\empwage\\node_modules\\@babel\\runtime\\helpers\\asyncToGenerator.js:32:7\n    at new Promise (<anonymous>)\n    at E:\\cfp\\EmployeeWage\\empwage\\node_modules\\@babel\\runtime\\helpers\\asyncToGenerator.js:21:12\n    at database (E:\\cfp\\EmployeeWage\\empwage\\src\\config\\/database.js:4:15)\n    at Object.<anonymous> (E:\\cfp\\EmployeeWage\\empwage\\src\\/index.js:34:1)\n    at Module._compile (internal/modules/cjs/loader.js:1085:14)\n    at Module._compile (E:\\cfp\\EmployeeWage\\empwage\\node_modules\\pirates\\lib\\index.js:136:24)\n    at Module._extensions..js (internal/modules/cjs/loader.js:1114:10)\n    at Object.newLoader [as .js] (E:\\cfp\\EmployeeWage\\empwage\\node_modules\\pirates\\lib\\index.js:141:7)\n    at Module.load (internal/modules/cjs/loader.js:950:32)\n    at Function.Module._load (internal/modules/cjs/loader.js:790:14)\n    at Module.require (internal/modules/cjs/loader.js:974:19)\n    at require (internal/modules/cjs/helpers.js:92:18)\n    at Object.<anonymous> (E:\\cfp\\EmployeeWage\\empwage\\tests\\integration\\/user.test.js:5:1)\n    at Module._compile (internal/modules/cjs/loader.js:1085:14)\n    at Module._compile (E:\\cfp\\EmployeeWage\\empwage\\node_modules\\pirates\\lib\\index.js:136:24)\n    at Module._extensions..js (internal/modules/cjs/loader.js:1114:10)\n    at Object.newLoader [as .js] (E:\\cfp\\EmployeeWage\\empwage\\node_modules\\pirates\\lib\\index.js:141:7)\n    at Module.load (internal/modules/cjs/loader.js:950:32)\n    at Function.Module._load (internal/modules/cjs/loader.js:790:14)\n    at Module.require (internal/modules/cjs/loader.js:974:19)\n    at require (internal/modules/cjs/helpers.js:92:18)\n    at Object.exports.requireOrImport (E:\\cfp\\EmployeeWage\\empwage\\node_modules\\mocha\\lib\\esm-utils.js:42:12)\n    at Object.exports.loadFilesAsync (E:\\cfp\\EmployeeWage\\empwage\\node_modules\\mocha\\lib\\esm-utils.js:55:34)\n    at Mocha.loadFilesAsync (E:\\cfp\\EmployeeWage\\empwage\\node_modules\\mocha\\lib\\mocha.js:473:19)\n    at singleRun (E:\\cfp\\EmployeeWage\\empwage\\node_modules\\mocha\\lib\\cli\\run-helpers.js:125:15)\n    at exports.runMocha (E:\\cfp\\EmployeeWage\\empwage\\node_modules\\mocha\\lib\\cli\\run-helpers.js:190:10)\n    at Object.exports.handler (E:\\cfp\\EmployeeWage\\empwage\\node_modules\\mocha\\lib\\cli\\run.js:362:11)\n    at E:\\cfp\\EmployeeWage\\empwage\\node_modules\\yargs\\build\\index.cjs:443:71","timestamp":"2022-01-14T07:13:58.722Z"}
info: Server started at http://localhost:5050 {"timestamp":"2022-01-14T07:13:58.784Z"}
error: 
    status - 500 
    message - MongooseError: Operation `users.find()` buffering timed out after 10000ms
    at Timeout.<anonymous> (E:\cfp\EmployeeWage\empwage\node_modules\mongoose\lib\drivers\node-mongodb-native\collection.js:198:23)
    at listOnTimeout (internal/timers.js:557:17)
    at processTimers (internal/timers.js:500:7) 
    url - /users/register 
    method - POST 
    IP - ::ffff:127.0.0.1
   {"timestamp":"2022-01-14T07:14:08.968Z"}
error: 
    status - 500 
    message - ValidationError: "email" must be a valid email 
    url - /users/register 
    method - POST 
    IP - ::ffff:127.0.0.1
   {"timestamp":"2022-01-14T07:14:09.048Z"}
error: 
    status - 500 
    message - ValidationError: "firstname" is not allowed to be empty 
    url - /users/register 
    method - POST 
    IP - ::ffff:127.0.0.1
   {"timestamp":"2022-01-14T07:14:09.059Z"}
error: 
    status - 500 
    message - ValidationError: "lastname" is not allowed to be empty 
    url - /users/register 
    method - POST 
    IP - ::ffff:127.0.0.1
   {"timestamp":"2022-01-14T07:14:09.069Z"}
error: 
    status - 500 
    message - ValidationError: "password" is not allowed to be empty 
    url - /users/register 
    method - POST 
    IP - ::ffff:127.0.0.1
   {"timestamp":"2022-01-14T07:14:09.082Z"}
info: Server started at http://localhost:5050 {"timestamp":"2022-01-14T07:16:25.270Z"}
info: Connected to the database. {"timestamp":"2022-01-14T07:16:26.043Z"}
error: 
    status - 500 
    message - ValidationError: "email" must be a valid email 
    url - /users/register 
    method - POST 
    IP - ::ffff:127.0.0.1
   {"timestamp":"2022-01-14T07:16:26.318Z"}
error: 
    status - 500 
    message - ValidationError: "firstname" is not allowed to be empty 
    url - /users/register 
    method - POST 
    IP - ::ffff:127.0.0.1
   {"timestamp":"2022-01-14T07:16:26.327Z"}
error: 
    status - 500 
    message - ValidationError: "lastname" is not allowed to be empty 
    url - /users/register 
    method - POST 
    IP - ::ffff:127.0.0.1
   {"timestamp":"2022-01-14T07:16:26.335Z"}
error: 
    status - 500 
    message - ValidationError: "password" is not allowed to be empty 
    url - /users/register 
    method - POST 
    IP - ::ffff:127.0.0.1
   {"timestamp":"2022-01-14T07:16:26.346Z"}
error: 
    status - 500 
    message - ValidationError: "email" must be a valid email 
    url - /users/login 
    method - POST 
    IP - ::ffff:127.0.0.1
   {"timestamp":"2022-01-14T07:16:26.467Z"}
error: 
    status - 500 
    message - ValidationError: "email" is not allowed to be empty 
    url - /users/login 
    method - POST 
    IP - ::ffff:127.0.0.1
   {"timestamp":"2022-01-14T07:16:26.473Z"}
error: 
    status - 500 
    message - ValidationError: "password" is not allowed to be empty 
    url - /users/login 
    method - POST 
    IP - ::ffff:127.0.0.1
   {"timestamp":"2022-01-14T07:16:26.598Z"}
error: 
      status - 400
      message - Authorization token is required 
      url - /payroll/addEmployee 
      method - POST 
      IP - ::ffff:127.0.0.1
     {"timestamp":"2022-01-14T07:16:26.718Z"}
info: Server started at http://localhost:5050 {"timestamp":"2022-01-14T07:17:44.096Z"}
info: Connected to the database. {"timestamp":"2022-01-14T07:17:44.843Z"}
info: Server started at http://localhost:5050 {"timestamp":"2022-01-14T07:19:22.089Z"}
info: Connected to the database. {"timestamp":"2022-01-14T07:19:22.720Z"}
info: Server started at http://localhost:5050 {"timestamp":"2022-01-14T07:19:57.136Z"}
info: Connected to the database. {"timestamp":"2022-01-14T07:19:57.663Z"}
info: Server started at http://localhost:5050 {"timestamp":"2022-01-14T07:21:10.805Z"}
info: Connected to the database. {"timestamp":"2022-01-14T07:21:11.529Z"}
error: 
    status - 500 
    message - ValidationError: "email" must be a valid email 
    url - /users/register 
    method - POST 
    IP - ::ffff:127.0.0.1
   {"timestamp":"2022-01-14T07:21:11.821Z"}
error: 
    status - 500 
    message - ValidationError: "firstname" is not allowed to be empty 
    url - /users/register 
    method - POST 
    IP - ::ffff:127.0.0.1
   {"timestamp":"2022-01-14T07:21:11.830Z"}
error: 
    status - 500 
    message - ValidationError: "lastname" is not allowed to be empty 
    url - /users/register 
    method - POST 
    IP - ::ffff:127.0.0.1
   {"timestamp":"2022-01-14T07:21:11.838Z"}
error: 
    status - 500 
    message - ValidationError: "password" is not allowed to be empty 
    url - /users/register 
    method - POST 
    IP - ::ffff:127.0.0.1
   {"timestamp":"2022-01-14T07:21:11.846Z"}
error: 
    status - 500 
    message - ValidationError: "email" must be a valid email 
    url - /users/login 
    method - POST 
    IP - ::ffff:127.0.0.1
   {"timestamp":"2022-01-14T07:21:11.964Z"}
error: 
    status - 500 
    message - ValidationError: "email" is not allowed to be empty 
    url - /users/login 
    method - POST 
    IP - ::ffff:127.0.0.1
   {"timestamp":"2022-01-14T07:21:11.970Z"}
error: 
    status - 500 
    message - ValidationError: "password" is not allowed to be empty 
    url - /users/login 
    method - POST 
    IP - ::ffff:127.0.0.1
   {"timestamp":"2022-01-14T07:21:12.041Z"}
error: 
      status - 400
      message - Authorization token is required 
      url - /payroll/addEmployee 
      method - POST 
      IP - ::ffff:127.0.0.1
     {"timestamp":"2022-01-14T07:21:12.162Z"}
info: Server started at http://localhost:5050 {"timestamp":"2022-01-14T07:21:31.264Z"}
info: Connected to the database. {"timestamp":"2022-01-14T07:21:31.801Z"}
info: Server started at http://localhost:5050 {"timestamp":"2022-01-14T07:22:58.978Z"}
info: Connected to the database. {"timestamp":"2022-01-14T07:22:59.719Z"}
info: Server started at http://localhost:5050 {"timestamp":"2022-01-14T07:23:19.654Z"}
info: Connected to the database. {"timestamp":"2022-01-14T07:23:20.194Z"}
info: Server started at http://localhost:5050 {"timestamp":"2022-01-14T07:25:00.008Z"}
info: Connected to the database. {"timestamp":"2022-01-14T07:25:00.830Z"}
info: Server started at http://localhost:5050 {"timestamp":"2022-01-14T07:25:18.543Z"}
info: Connected to the database. {"timestamp":"2022-01-14T07:25:19.097Z"}
error: 
      status - 400
      message - Authorization token is required 
      url - /payroll/addEmployee 
      method - POST 
      IP - ::ffff:127.0.0.1
     {"timestamp":"2022-01-14T07:25:19.211Z"}
info: Server started at http://localhost:5050 {"timestamp":"2022-01-14T07:25:59.756Z"}
info: Connected to the database. {"timestamp":"2022-01-14T07:26:00.355Z"}
error: 
      status - 400
      message - Authorization token is required 
      url - /payroll/addEmployee 
      method - POST 
      IP - ::ffff:127.0.0.1
     {"timestamp":"2022-01-14T07:26:00.466Z"}
info: Server started at http://localhost:5050 {"timestamp":"2022-01-14T07:26:53.803Z"}
info: Connected to the database. {"timestamp":"2022-01-14T07:26:54.352Z"}
info: Server started at http://localhost:5050 {"timestamp":"2022-01-14T07:27:08.558Z"}
info: Connected to the database. {"timestamp":"2022-01-14T07:27:09.128Z"}
info: Server started at http://localhost:5050 {"timestamp":"2022-01-14T07:27:25.667Z"}
info: Connected to the database. {"timestamp":"2022-01-14T07:27:26.216Z"}
info: Server started at http://localhost:5050 {"timestamp":"2022-01-14T07:27:42.018Z"}
info: Connected to the database. {"timestamp":"2022-01-14T07:27:42.541Z"}
error: 
    status - 500 
    message - ValidationError: "email" must be a valid email 
    url - /users/register 
    method - POST 
    IP - ::ffff:127.0.0.1
   {"timestamp":"2022-01-14T07:27:42.654Z"}
error: 
    status - 500 
    message - ValidationError: "firstname" is not allowed to be empty 
    url - /users/register 
    method - POST 
    IP - ::ffff:127.0.0.1
   {"timestamp":"2022-01-14T07:27:42.662Z"}
error: 
    status - 500 
    message - ValidationError: "lastname" is not allowed to be empty 
    url - /users/register 
    method - POST 
    IP - ::ffff:127.0.0.1
   {"timestamp":"2022-01-14T07:27:42.670Z"}
error: 
    status - 500 
    message - ValidationError: "password" is not allowed to be empty 
    url - /users/register 
    method - POST 
    IP - ::ffff:127.0.0.1
   {"timestamp":"2022-01-14T07:27:42.680Z"}
error: 
    status - 500 
    message - ValidationError: "email" must be a valid email 
    url - /users/login 
    method - POST 
    IP - ::ffff:127.0.0.1
   {"timestamp":"2022-01-14T07:27:42.800Z"}
error: 
    status - 500 
    message - ValidationError: "email" is not allowed to be empty 
    url - /users/login 
    method - POST 
    IP - ::ffff:127.0.0.1
   {"timestamp":"2022-01-14T07:27:42.805Z"}
error: 
    status - 500 
    message - ValidationError: "password" is not allowed to be empty 
    url - /users/login 
    method - POST 
    IP - ::ffff:127.0.0.1
   {"timestamp":"2022-01-14T07:27:42.861Z"}
