info: ::1 - - [10/Jan/2022:05:00:11 +0000] "GET /api-docs/ HTTP/1.1" 404 47 "-" "Mozilla/5.0 (Windows NT 10.0; Win64; x64) AppleWebKit/537.36 (KHTML, like Gecko) Chrome/97.0.4692.71 Safari/537.36"

info: ::1 - - [10/Jan/2022:05:00:25 +0000] "GET /api-docs HTTP/1.1" 404 47 "-" "Mozilla/5.0 (Windows NT 10.0; Win64; x64) AppleWebKit/537.36 (KHTML, like Gecko) Chrome/97.0.4692.71 Safari/537.36"

info: ::1 - - [10/Jan/2022:05:01:09 +0000] "GET /api-docs/ HTTP/1.1" 404 47 "-" "Mozilla/5.0 (Windows NT 10.0; Win64; x64) AppleWebKit/537.36 (KHTML, like Gecko) Chrome/97.0.4692.71 Safari/537.36"

info: ::1 - - [10/Jan/2022:05:01:19 +0000] "GET / HTTP/1.1" 304 - "-" "Mozilla/5.0 (Windows NT 10.0; Win64; x64) AppleWebKit/537.36 (KHTML, like Gecko) Chrome/97.0.4692.71 Safari/537.36"

info: ::1 - - [10/Jan/2022:05:01:27 +0000] "GET /api-docs HTTP/1.1" 404 47 "-" "Mozilla/5.0 (Windows NT 10.0; Win64; x64) AppleWebKit/537.36 (KHTML, like Gecko) Chrome/97.0.4692.71 Safari/537.36"

info: ::1 - - [10/Jan/2022:05:03:02 +0000] "GET /api HTTP/1.1" 404 47 "-" "Mozilla/5.0 (Windows NT 10.0; Win64; x64) AppleWebKit/537.36 (KHTML, like Gecko) Chrome/97.0.4692.71 Safari/537.36"

info: ::1 - - [10/Jan/2022:05:03:14 +0000] "GET /api-docs HTTP/1.1" 404 47 "-" "Mozilla/5.0 (Windows NT 10.0; Win64; x64) AppleWebKit/537.36 (KHTML, like Gecko) Chrome/97.0.4692.71 Safari/537.36"

info: ::1 - - [10/Jan/2022:05:07:19 +0000] "GET /api-docs/ HTTP/1.1" 404 47 "-" "Mozilla/5.0 (Windows NT 10.0; Win64; x64) AppleWebKit/537.36 (KHTML, like Gecko) Chrome/97.0.4692.71 Safari/537.36"

info: ::1 - - [10/Jan/2022:05:56:26 +0000] "GET /api-docs/users HTTP/1.1" 404 47 "-" "Mozilla/5.0 (Windows NT 10.0; Win64; x64) AppleWebKit/537.36 (KHTML, like Gecko) Chrome/97.0.4692.71 Safari/537.36"

info: ::1 - - [10/Jan/2022:05:56:36 +0000] "GET / HTTP/1.1" 304 - "-" "Mozilla/5.0 (Windows NT 10.0; Win64; x64) AppleWebKit/537.36 (KHTML, like Gecko) Chrome/97.0.4692.71 Safari/537.36"

info: ::1 - - [10/Jan/2022:05:57:51 +0000] "GET /api-docs HTTP/1.1" 301 183 "-" "Mozilla/5.0 (Windows NT 10.0; Win64; x64) AppleWebKit/537.36 (KHTML, like Gecko) Chrome/97.0.4692.71 Safari/537.36"

info: ::1 - - [10/Jan/2022:05:57:51 +0000] "GET /api-docs/ HTTP/1.1" 200 3102 "-" "Mozilla/5.0 (Windows NT 10.0; Win64; x64) AppleWebKit/537.36 (KHTML, like Gecko) Chrome/97.0.4692.71 Safari/537.36"

info: ::1 - - [10/Jan/2022:05:57:51 +0000] "GET /api-docs/swagger-ui-init.js HTTP/1.1" 200 7712 "-" "Mozilla/5.0 (Windows NT 10.0; Win64; x64) AppleWebKit/537.36 (KHTML, like Gecko) Chrome/97.0.4692.71 Safari/537.36"

info: ::1 - - [10/Jan/2022:05:57:51 +0000] "GET /api-docs/swagger-ui-standalone-preset.js HTTP/1.1" 200 324275 "-" "Mozilla/5.0 (Windows NT 10.0; Win64; x64) AppleWebKit/537.36 (KHTML, like Gecko) Chrome/97.0.4692.71 Safari/537.36"

info: ::1 - - [10/Jan/2022:05:57:51 +0000] "GET /api-docs/swagger-ui-bundle.js HTTP/1.1" 200 1086481 "-" "Mozilla/5.0 (Windows NT 10.0; Win64; x64) AppleWebKit/537.36 (KHTML, like Gecko) Chrome/97.0.4692.71 Safari/537.36"

info: ::1 - - [10/Jan/2022:05:57:51 +0000] "GET /api-docs/swagger-ui.css HTTP/1.1" 200 143858 "-" "Mozilla/5.0 (Windows NT 10.0; Win64; x64) AppleWebKit/537.36 (KHTML, like Gecko) Chrome/97.0.4692.71 Safari/537.36"

info: ::1 - - [10/Jan/2022:05:57:53 +0000] "GET /api-docs/favicon-32x32.png HTTP/1.1" 200 628 "-" "Mozilla/5.0 (Windows NT 10.0; Win64; x64) AppleWebKit/537.36 (KHTML, like Gecko) Chrome/97.0.4692.71 Safari/537.36"

info: ::ffff:127.0.0.1 - - [10/Jan/2022:08:48:54 +0000] "POST /payroll/addEmployee HTTP/1.1" 401 26 "-" "Thunder Client (https://www.thunderclient.io)"

info: ::ffff:127.0.0.1 - - [10/Jan/2022:08:50:17 +0000] "POST /payroll/addEmployee HTTP/1.1" 200 434 "-" "Thunder Client (https://www.thunderclient.io)"

info: ::ffff:127.0.0.1 - - [10/Jan/2022:08:53:08 +0000] "GET /payroll/getEmployee HTTP/1.1" 200 2297 "-" "Thunder Client (https://www.thunderclient.io)"

info: ::ffff:127.0.0.1 - - [10/Jan/2022:10:50:06 +0000] "GET /users/login HTTP/1.1" 200 442 "-" "Thunder Client (https://www.thunderclient.io)"

info: ::ffff:127.0.0.1 - - [10/Jan/2022:10:51:01 +0000] "GET /users/login HTTP/1.1" 200 442 "-" "Thunder Client (https://www.thunderclient.io)"

info: ::ffff:127.0.0.1 - - [10/Jan/2022:10:59:49 +0000] "GET /users/login HTTP/1.1" 200 442 "-" "Thunder Client (https://www.thunderclient.io)"

